<?xml version="1.0" encoding="UTF-8"?>
<testsuite xmlns:xsi="http://www.w3.org/2001/XMLSchema-instance" xsi:noNamespaceSchemaLocation="https://maven.apache.org/surefire/maven-surefire-plugin/xsd/surefire-test-report-3.0.xsd" version="3.0" name="com.interview.controller.UserControllerTest" time="1.536" tests="11" errors="0" skipped="0" failures="0">
  <properties>
    <property name="java.specification.version" value="21"/>
    <property name="sun.jnu.encoding" value="UTF-8"/>
    <property name="java.class.path" value="/Users/javierjaramillo/Desktop/vibe_coding/spring/target/test-classes:/Users/javierjaramillo/Desktop/vibe_coding/spring/target/classes:/Users/javierjaramillo/.m2/repository/org/springframework/boot/spring-boot-starter-webflux/3.2.0/spring-boot-starter-webflux-3.2.0.jar:/Users/javierjaramillo/.m2/repository/org/springframework/boot/spring-boot-starter/3.2.0/spring-boot-starter-3.2.0.jar:/Users/javierjaramillo/.m2/repository/org/springframework/boot/spring-boot/3.2.0/spring-boot-3.2.0.jar:/Users/javierjaramillo/.m2/repository/org/springframework/boot/spring-boot-autoconfigure/3.2.0/spring-boot-autoconfigure-3.2.0.jar:/Users/javierjaramillo/.m2/repository/org/springframework/boot/spring-boot-starter-logging/3.2.0/spring-boot-starter-logging-3.2.0.jar:/Users/javierjaramillo/.m2/repository/ch/qos/logback/logback-classic/1.4.11/logback-classic-1.4.11.jar:/Users/javierjaramillo/.m2/repository/ch/qos/logback/logback-core/1.4.11/logback-core-1.4.11.jar:/Users/javierjaramillo/.m2/repository/org/apache/logging/log4j/log4j-to-slf4j/2.21.1/log4j-to-slf4j-2.21.1.jar:/Users/javierjaramillo/.m2/repository/org/apache/logging/log4j/log4j-api/2.21.1/log4j-api-2.21.1.jar:/Users/javierjaramillo/.m2/repository/org/slf4j/jul-to-slf4j/2.0.9/jul-to-slf4j-2.0.9.jar:/Users/javierjaramillo/.m2/repository/jakarta/annotation/jakarta.annotation-api/2.1.1/jakarta.annotation-api-2.1.1.jar:/Users/javierjaramillo/.m2/repository/org/yaml/snakeyaml/2.2/snakeyaml-2.2.jar:/Users/javierjaramillo/.m2/repository/org/springframework/boot/spring-boot-starter-json/3.2.0/spring-boot-starter-json-3.2.0.jar:/Users/javierjaramillo/.m2/repository/com/fasterxml/jackson/core/jackson-databind/2.15.3/jackson-databind-2.15.3.jar:/Users/javierjaramillo/.m2/repository/com/fasterxml/jackson/core/jackson-annotations/2.15.3/jackson-annotations-2.15.3.jar:/Users/javierjaramillo/.m2/repository/com/fasterxml/jackson/core/jackson-core/2.15.3/jackson-core-2.15.3.jar:/Users/javierjaramillo/.m2/repository/com/fasterxml/jackson/datatype/jackson-datatype-jdk8/2.15.3/jackson-datatype-jdk8-2.15.3.jar:/Users/javierjaramillo/.m2/repository/com/fasterxml/jackson/datatype/jackson-datatype-jsr310/2.15.3/jackson-datatype-jsr310-2.15.3.jar:/Users/javierjaramillo/.m2/repository/com/fasterxml/jackson/module/jackson-module-parameter-names/2.15.3/jackson-module-parameter-names-2.15.3.jar:/Users/javierjaramillo/.m2/repository/org/springframework/boot/spring-boot-starter-reactor-netty/3.2.0/spring-boot-starter-reactor-netty-3.2.0.jar:/Users/javierjaramillo/.m2/repository/io/projectreactor/netty/reactor-netty-http/1.1.13/reactor-netty-http-1.1.13.jar:/Users/javierjaramillo/.m2/repository/io/netty/netty-codec-http/4.1.101.Final/netty-codec-http-4.1.101.Final.jar:/Users/javierjaramillo/.m2/repository/io/netty/netty-common/4.1.101.Final/netty-common-4.1.101.Final.jar:/Users/javierjaramillo/.m2/repository/io/netty/netty-buffer/4.1.101.Final/netty-buffer-4.1.101.Final.jar:/Users/javierjaramillo/.m2/repository/io/netty/netty-transport/4.1.101.Final/netty-transport-4.1.101.Final.jar:/Users/javierjaramillo/.m2/repository/io/netty/netty-codec/4.1.101.Final/netty-codec-4.1.101.Final.jar:/Users/javierjaramillo/.m2/repository/io/netty/netty-handler/4.1.101.Final/netty-handler-4.1.101.Final.jar:/Users/javierjaramillo/.m2/repository/io/netty/netty-codec-http2/4.1.101.Final/netty-codec-http2-4.1.101.Final.jar:/Users/javierjaramillo/.m2/repository/io/netty/netty-resolver-dns/4.1.101.Final/netty-resolver-dns-4.1.101.Final.jar:/Users/javierjaramillo/.m2/repository/io/netty/netty-resolver/4.1.101.Final/netty-resolver-4.1.101.Final.jar:/Users/javierjaramillo/.m2/repository/io/netty/netty-codec-dns/4.1.101.Final/netty-codec-dns-4.1.101.Final.jar:/Users/javierjaramillo/.m2/repository/io/netty/netty-resolver-dns-native-macos/4.1.101.Final/netty-resolver-dns-native-macos-4.1.101.Final-osx-x86_64.jar:/Users/javierjaramillo/.m2/repository/io/netty/netty-resolver-dns-classes-macos/4.1.101.Final/netty-resolver-dns-classes-macos-4.1.101.Final.jar:/Users/javierjaramillo/.m2/repository/io/netty/netty-transport-native-epoll/4.1.101.Final/netty-transport-native-epoll-4.1.101.Final-linux-x86_64.jar:/Users/javierjaramillo/.m2/repository/io/netty/netty-transport-native-unix-common/4.1.101.Final/netty-transport-native-unix-common-4.1.101.Final.jar:/Users/javierjaramillo/.m2/repository/io/netty/netty-transport-classes-epoll/4.1.101.Final/netty-transport-classes-epoll-4.1.101.Final.jar:/Users/javierjaramillo/.m2/repository/io/projectreactor/netty/reactor-netty-core/1.1.13/reactor-netty-core-1.1.13.jar:/Users/javierjaramillo/.m2/repository/io/netty/netty-handler-proxy/4.1.101.Final/netty-handler-proxy-4.1.101.Final.jar:/Users/javierjaramillo/.m2/repository/io/netty/netty-codec-socks/4.1.101.Final/netty-codec-socks-4.1.101.Final.jar:/Users/javierjaramillo/.m2/repository/org/springframework/spring-web/6.1.1/spring-web-6.1.1.jar:/Users/javierjaramillo/.m2/repository/org/springframework/spring-beans/6.1.1/spring-beans-6.1.1.jar:/Users/javierjaramillo/.m2/repository/io/micrometer/micrometer-observation/1.12.0/micrometer-observation-1.12.0.jar:/Users/javierjaramillo/.m2/repository/io/micrometer/micrometer-commons/1.12.0/micrometer-commons-1.12.0.jar:/Users/javierjaramillo/.m2/repository/org/springframework/spring-webflux/6.1.1/spring-webflux-6.1.1.jar:/Users/javierjaramillo/.m2/repository/org/springframework/boot/spring-boot-starter-data-r2dbc/3.2.0/spring-boot-starter-data-r2dbc-3.2.0.jar:/Users/javierjaramillo/.m2/repository/org/springframework/data/spring-data-r2dbc/3.2.0/spring-data-r2dbc-3.2.0.jar:/Users/javierjaramillo/.m2/repository/org/springframework/data/spring-data-relational/3.2.0/spring-data-relational-3.2.0.jar:/Users/javierjaramillo/.m2/repository/com/github/jsqlparser/jsqlparser/4.6/jsqlparser-4.6.jar:/Users/javierjaramillo/.m2/repository/org/springframework/data/spring-data-commons/3.2.0/spring-data-commons-3.2.0.jar:/Users/javierjaramillo/.m2/repository/org/springframework/spring-tx/6.1.1/spring-tx-6.1.1.jar:/Users/javierjaramillo/.m2/repository/org/springframework/spring-context/6.1.1/spring-context-6.1.1.jar:/Users/javierjaramillo/.m2/repository/org/springframework/spring-aop/6.1.1/spring-aop-6.1.1.jar:/Users/javierjaramillo/.m2/repository/org/springframework/spring-expression/6.1.1/spring-expression-6.1.1.jar:/Users/javierjaramillo/.m2/repository/org/springframework/spring-jdbc/6.1.1/spring-jdbc-6.1.1.jar:/Users/javierjaramillo/.m2/repository/org/springframework/spring-r2dbc/6.1.1/spring-r2dbc-6.1.1.jar:/Users/javierjaramillo/.m2/repository/org/slf4j/slf4j-api/2.0.9/slf4j-api-2.0.9.jar:/Users/javierjaramillo/.m2/repository/io/r2dbc/r2dbc-spi/1.0.0.RELEASE/r2dbc-spi-1.0.0.RELEASE.jar:/Users/javierjaramillo/.m2/repository/org/reactivestreams/reactive-streams/1.0.4/reactive-streams-1.0.4.jar:/Users/javierjaramillo/.m2/repository/io/r2dbc/r2dbc-pool/1.0.1.RELEASE/r2dbc-pool-1.0.1.RELEASE.jar:/Users/javierjaramillo/.m2/repository/io/projectreactor/addons/reactor-pool/1.0.3/reactor-pool-1.0.3.jar:/Users/javierjaramillo/.m2/repository/org/springframework/boot/spring-boot-starter-validation/3.2.0/spring-boot-starter-validation-3.2.0.jar:/Users/javierjaramillo/.m2/repository/org/apache/tomcat/embed/tomcat-embed-el/10.1.16/tomcat-embed-el-10.1.16.jar:/Users/javierjaramillo/.m2/repository/org/hibernate/validator/hibernate-validator/8.0.1.Final/hibernate-validator-8.0.1.Final.jar:/Users/javierjaramillo/.m2/repository/jakarta/validation/jakarta.validation-api/3.0.2/jakarta.validation-api-3.0.2.jar:/Users/javierjaramillo/.m2/repository/org/jboss/logging/jboss-logging/3.5.3.Final/jboss-logging-3.5.3.Final.jar:/Users/javierjaramillo/.m2/repository/com/fasterxml/classmate/1.6.0/classmate-1.6.0.jar:/Users/javierjaramillo/.m2/repository/io/r2dbc/r2dbc-h2/1.0.0.RELEASE/r2dbc-h2-1.0.0.RELEASE.jar:/Users/javierjaramillo/.m2/repository/io/projectreactor/reactor-core/3.6.0/reactor-core-3.6.0.jar:/Users/javierjaramillo/.m2/repository/com/h2database/h2/2.2.224/h2-2.2.224.jar:/Users/javierjaramillo/.m2/repository/org/springframework/boot/spring-boot-starter-test/3.2.0/spring-boot-starter-test-3.2.0.jar:/Users/javierjaramillo/.m2/repository/org/springframework/boot/spring-boot-test/3.2.0/spring-boot-test-3.2.0.jar:/Users/javierjaramillo/.m2/repository/org/springframework/boot/spring-boot-test-autoconfigure/3.2.0/spring-boot-test-autoconfigure-3.2.0.jar:/Users/javierjaramillo/.m2/repository/com/jayway/jsonpath/json-path/2.8.0/json-path-2.8.0.jar:/Users/javierjaramillo/.m2/repository/jakarta/xml/bind/jakarta.xml.bind-api/4.0.1/jakarta.xml.bind-api-4.0.1.jar:/Users/javierjaramillo/.m2/repository/jakarta/activation/jakarta.activation-api/2.1.2/jakarta.activation-api-2.1.2.jar:/Users/javierjaramillo/.m2/repository/net/minidev/json-smart/2.5.0/json-smart-2.5.0.jar:/Users/javierjaramillo/.m2/repository/net/minidev/accessors-smart/2.5.0/accessors-smart-2.5.0.jar:/Users/javierjaramillo/.m2/repository/org/ow2/asm/asm/9.3/asm-9.3.jar:/Users/javierjaramillo/.m2/repository/org/assertj/assertj-core/3.24.2/assertj-core-3.24.2.jar:/Users/javierjaramillo/.m2/repository/net/bytebuddy/byte-buddy/1.14.10/byte-buddy-1.14.10.jar:/Users/javierjaramillo/.m2/repository/org/awaitility/awaitility/4.2.0/awaitility-4.2.0.jar:/Users/javierjaramillo/.m2/repository/org/hamcrest/hamcrest/2.2/hamcrest-2.2.jar:/Users/javierjaramillo/.m2/repository/org/junit/jupiter/junit-jupiter/5.10.1/junit-jupiter-5.10.1.jar:/Users/javierjaramillo/.m2/repository/org/junit/jupiter/junit-jupiter-api/5.10.1/junit-jupiter-api-5.10.1.jar:/Users/javierjaramillo/.m2/repository/org/opentest4j/opentest4j/1.3.0/opentest4j-1.3.0.jar:/Users/javierjaramillo/.m2/repository/org/junit/platform/junit-platform-commons/1.10.1/junit-platform-commons-1.10.1.jar:/Users/javierjaramillo/.m2/repository/org/apiguardian/apiguardian-api/1.1.2/apiguardian-api-1.1.2.jar:/Users/javierjaramillo/.m2/repository/org/junit/jupiter/junit-jupiter-params/5.10.1/junit-jupiter-params-5.10.1.jar:/Users/javierjaramillo/.m2/repository/org/junit/jupiter/junit-jupiter-engine/5.10.1/junit-jupiter-engine-5.10.1.jar:/Users/javierjaramillo/.m2/repository/org/junit/platform/junit-platform-engine/1.10.1/junit-platform-engine-1.10.1.jar:/Users/javierjaramillo/.m2/repository/org/mockito/mockito-core/5.7.0/mockito-core-5.7.0.jar:/Users/javierjaramillo/.m2/repository/net/bytebuddy/byte-buddy-agent/1.14.10/byte-buddy-agent-1.14.10.jar:/Users/javierjaramillo/.m2/repository/org/objenesis/objenesis/3.3/objenesis-3.3.jar:/Users/javierjaramillo/.m2/repository/org/mockito/mockito-junit-jupiter/5.7.0/mockito-junit-jupiter-5.7.0.jar:/Users/javierjaramillo/.m2/repository/org/skyscreamer/jsonassert/1.5.1/jsonassert-1.5.1.jar:/Users/javierjaramillo/.m2/repository/com/vaadin/external/google/android-json/0.0.20131108.vaadin1/android-json-0.0.20131108.vaadin1.jar:/Users/javierjaramillo/.m2/repository/org/springframework/spring-core/6.1.1/spring-core-6.1.1.jar:/Users/javierjaramillo/.m2/repository/org/springframework/spring-jcl/6.1.1/spring-jcl-6.1.1.jar:/Users/javierjaramillo/.m2/repository/org/springframework/spring-test/6.1.1/spring-test-6.1.1.jar:/Users/javierjaramillo/.m2/repository/org/xmlunit/xmlunit-core/2.9.1/xmlunit-core-2.9.1.jar:/Users/javierjaramillo/.m2/repository/io/projectreactor/reactor-test/3.6.0/reactor-test-3.6.0.jar:"/>
    <property name="java.vm.vendor" value="Amazon.com Inc."/>
    <property name="sun.arch.data.model" value="64"/>
    <property name="java.vendor.url" value="https://aws.amazon.com/corretto/"/>
    <property name="user.timezone" value="America/Chicago"/>
    <property name="org.jboss.logging.provider" value="slf4j"/>
    <property name="os.name" value="Mac OS X"/>
    <property name="java.vm.specification.version" value="21"/>
    <property name="sun.java.launcher" value="SUN_STANDARD"/>
    <property name="user.country" value="US"/>
    <property name="sun.boot.library.path" value="/Users/javierjaramillo/.sdkman/candidates/java/21.0.6-amzn/lib"/>
    <property name="sun.java.command" value="/Users/javierjaramillo/Desktop/vibe_coding/spring/target/surefire/surefirebooter-20250723210653016_3.jar /Users/javierjaramillo/Desktop/vibe_coding/spring/target/surefire 2025-07-23T21-06-52_986-jvmRun1 surefire-20250723210653016_1tmp surefire_0-20250723210653016_2tmp"/>
    <property name="http.nonProxyHosts" value="local|*.local|169.254/16|*.169.254/16"/>
    <property name="jdk.debug" value="release"/>
    <property name="test" value="UserControllerTest"/>
    <property name="surefire.test.class.path" value="/Users/javierjaramillo/Desktop/vibe_coding/spring/target/test-classes:/Users/javierjaramillo/Desktop/vibe_coding/spring/target/classes:/Users/javierjaramillo/.m2/repository/org/springframework/boot/spring-boot-starter-webflux/3.2.0/spring-boot-starter-webflux-3.2.0.jar:/Users/javierjaramillo/.m2/repository/org/springframework/boot/spring-boot-starter/3.2.0/spring-boot-starter-3.2.0.jar:/Users/javierjaramillo/.m2/repository/org/springframework/boot/spring-boot/3.2.0/spring-boot-3.2.0.jar:/Users/javierjaramillo/.m2/repository/org/springframework/boot/spring-boot-autoconfigure/3.2.0/spring-boot-autoconfigure-3.2.0.jar:/Users/javierjaramillo/.m2/repository/org/springframework/boot/spring-boot-starter-logging/3.2.0/spring-boot-starter-logging-3.2.0.jar:/Users/javierjaramillo/.m2/repository/ch/qos/logback/logback-classic/1.4.11/logback-classic-1.4.11.jar:/Users/javierjaramillo/.m2/repository/ch/qos/logback/logback-core/1.4.11/logback-core-1.4.11.jar:/Users/javierjaramillo/.m2/repository/org/apache/logging/log4j/log4j-to-slf4j/2.21.1/log4j-to-slf4j-2.21.1.jar:/Users/javierjaramillo/.m2/repository/org/apache/logging/log4j/log4j-api/2.21.1/log4j-api-2.21.1.jar:/Users/javierjaramillo/.m2/repository/org/slf4j/jul-to-slf4j/2.0.9/jul-to-slf4j-2.0.9.jar:/Users/javierjaramillo/.m2/repository/jakarta/annotation/jakarta.annotation-api/2.1.1/jakarta.annotation-api-2.1.1.jar:/Users/javierjaramillo/.m2/repository/org/yaml/snakeyaml/2.2/snakeyaml-2.2.jar:/Users/javierjaramillo/.m2/repository/org/springframework/boot/spring-boot-starter-json/3.2.0/spring-boot-starter-json-3.2.0.jar:/Users/javierjaramillo/.m2/repository/com/fasterxml/jackson/core/jackson-databind/2.15.3/jackson-databind-2.15.3.jar:/Users/javierjaramillo/.m2/repository/com/fasterxml/jackson/core/jackson-annotations/2.15.3/jackson-annotations-2.15.3.jar:/Users/javierjaramillo/.m2/repository/com/fasterxml/jackson/core/jackson-core/2.15.3/jackson-core-2.15.3.jar:/Users/javierjaramillo/.m2/repository/com/fasterxml/jackson/datatype/jackson-datatype-jdk8/2.15.3/jackson-datatype-jdk8-2.15.3.jar:/Users/javierjaramillo/.m2/repository/com/fasterxml/jackson/datatype/jackson-datatype-jsr310/2.15.3/jackson-datatype-jsr310-2.15.3.jar:/Users/javierjaramillo/.m2/repository/com/fasterxml/jackson/module/jackson-module-parameter-names/2.15.3/jackson-module-parameter-names-2.15.3.jar:/Users/javierjaramillo/.m2/repository/org/springframework/boot/spring-boot-starter-reactor-netty/3.2.0/spring-boot-starter-reactor-netty-3.2.0.jar:/Users/javierjaramillo/.m2/repository/io/projectreactor/netty/reactor-netty-http/1.1.13/reactor-netty-http-1.1.13.jar:/Users/javierjaramillo/.m2/repository/io/netty/netty-codec-http/4.1.101.Final/netty-codec-http-4.1.101.Final.jar:/Users/javierjaramillo/.m2/repository/io/netty/netty-common/4.1.101.Final/netty-common-4.1.101.Final.jar:/Users/javierjaramillo/.m2/repository/io/netty/netty-buffer/4.1.101.Final/netty-buffer-4.1.101.Final.jar:/Users/javierjaramillo/.m2/repository/io/netty/netty-transport/4.1.101.Final/netty-transport-4.1.101.Final.jar:/Users/javierjaramillo/.m2/repository/io/netty/netty-codec/4.1.101.Final/netty-codec-4.1.101.Final.jar:/Users/javierjaramillo/.m2/repository/io/netty/netty-handler/4.1.101.Final/netty-handler-4.1.101.Final.jar:/Users/javierjaramillo/.m2/repository/io/netty/netty-codec-http2/4.1.101.Final/netty-codec-http2-4.1.101.Final.jar:/Users/javierjaramillo/.m2/repository/io/netty/netty-resolver-dns/4.1.101.Final/netty-resolver-dns-4.1.101.Final.jar:/Users/javierjaramillo/.m2/repository/io/netty/netty-resolver/4.1.101.Final/netty-resolver-4.1.101.Final.jar:/Users/javierjaramillo/.m2/repository/io/netty/netty-codec-dns/4.1.101.Final/netty-codec-dns-4.1.101.Final.jar:/Users/javierjaramillo/.m2/repository/io/netty/netty-resolver-dns-native-macos/4.1.101.Final/netty-resolver-dns-native-macos-4.1.101.Final-osx-x86_64.jar:/Users/javierjaramillo/.m2/repository/io/netty/netty-resolver-dns-classes-macos/4.1.101.Final/netty-resolver-dns-classes-macos-4.1.101.Final.jar:/Users/javierjaramillo/.m2/repository/io/netty/netty-transport-native-epoll/4.1.101.Final/netty-transport-native-epoll-4.1.101.Final-linux-x86_64.jar:/Users/javierjaramillo/.m2/repository/io/netty/netty-transport-native-unix-common/4.1.101.Final/netty-transport-native-unix-common-4.1.101.Final.jar:/Users/javierjaramillo/.m2/repository/io/netty/netty-transport-classes-epoll/4.1.101.Final/netty-transport-classes-epoll-4.1.101.Final.jar:/Users/javierjaramillo/.m2/repository/io/projectreactor/netty/reactor-netty-core/1.1.13/reactor-netty-core-1.1.13.jar:/Users/javierjaramillo/.m2/repository/io/netty/netty-handler-proxy/4.1.101.Final/netty-handler-proxy-4.1.101.Final.jar:/Users/javierjaramillo/.m2/repository/io/netty/netty-codec-socks/4.1.101.Final/netty-codec-socks-4.1.101.Final.jar:/Users/javierjaramillo/.m2/repository/org/springframework/spring-web/6.1.1/spring-web-6.1.1.jar:/Users/javierjaramillo/.m2/repository/org/springframework/spring-beans/6.1.1/spring-beans-6.1.1.jar:/Users/javierjaramillo/.m2/repository/io/micrometer/micrometer-observation/1.12.0/micrometer-observation-1.12.0.jar:/Users/javierjaramillo/.m2/repository/io/micrometer/micrometer-commons/1.12.0/micrometer-commons-1.12.0.jar:/Users/javierjaramillo/.m2/repository/org/springframework/spring-webflux/6.1.1/spring-webflux-6.1.1.jar:/Users/javierjaramillo/.m2/repository/org/springframework/boot/spring-boot-starter-data-r2dbc/3.2.0/spring-boot-starter-data-r2dbc-3.2.0.jar:/Users/javierjaramillo/.m2/repository/org/springframework/data/spring-data-r2dbc/3.2.0/spring-data-r2dbc-3.2.0.jar:/Users/javierjaramillo/.m2/repository/org/springframework/data/spring-data-relational/3.2.0/spring-data-relational-3.2.0.jar:/Users/javierjaramillo/.m2/repository/com/github/jsqlparser/jsqlparser/4.6/jsqlparser-4.6.jar:/Users/javierjaramillo/.m2/repository/org/springframework/data/spring-data-commons/3.2.0/spring-data-commons-3.2.0.jar:/Users/javierjaramillo/.m2/repository/org/springframework/spring-tx/6.1.1/spring-tx-6.1.1.jar:/Users/javierjaramillo/.m2/repository/org/springframework/spring-context/6.1.1/spring-context-6.1.1.jar:/Users/javierjaramillo/.m2/repository/org/springframework/spring-aop/6.1.1/spring-aop-6.1.1.jar:/Users/javierjaramillo/.m2/repository/org/springframework/spring-expression/6.1.1/spring-expression-6.1.1.jar:/Users/javierjaramillo/.m2/repository/org/springframework/spring-jdbc/6.1.1/spring-jdbc-6.1.1.jar:/Users/javierjaramillo/.m2/repository/org/springframework/spring-r2dbc/6.1.1/spring-r2dbc-6.1.1.jar:/Users/javierjaramillo/.m2/repository/org/slf4j/slf4j-api/2.0.9/slf4j-api-2.0.9.jar:/Users/javierjaramillo/.m2/repository/io/r2dbc/r2dbc-spi/1.0.0.RELEASE/r2dbc-spi-1.0.0.RELEASE.jar:/Users/javierjaramillo/.m2/repository/org/reactivestreams/reactive-streams/1.0.4/reactive-streams-1.0.4.jar:/Users/javierjaramillo/.m2/repository/io/r2dbc/r2dbc-pool/1.0.1.RELEASE/r2dbc-pool-1.0.1.RELEASE.jar:/Users/javierjaramillo/.m2/repository/io/projectreactor/addons/reactor-pool/1.0.3/reactor-pool-1.0.3.jar:/Users/javierjaramillo/.m2/repository/org/springframework/boot/spring-boot-starter-validation/3.2.0/spring-boot-starter-validation-3.2.0.jar:/Users/javierjaramillo/.m2/repository/org/apache/tomcat/embed/tomcat-embed-el/10.1.16/tomcat-embed-el-10.1.16.jar:/Users/javierjaramillo/.m2/repository/org/hibernate/validator/hibernate-validator/8.0.1.Final/hibernate-validator-8.0.1.Final.jar:/Users/javierjaramillo/.m2/repository/jakarta/validation/jakarta.validation-api/3.0.2/jakarta.validation-api-3.0.2.jar:/Users/javierjaramillo/.m2/repository/org/jboss/logging/jboss-logging/3.5.3.Final/jboss-logging-3.5.3.Final.jar:/Users/javierjaramillo/.m2/repository/com/fasterxml/classmate/1.6.0/classmate-1.6.0.jar:/Users/javierjaramillo/.m2/repository/io/r2dbc/r2dbc-h2/1.0.0.RELEASE/r2dbc-h2-1.0.0.RELEASE.jar:/Users/javierjaramillo/.m2/repository/io/projectreactor/reactor-core/3.6.0/reactor-core-3.6.0.jar:/Users/javierjaramillo/.m2/repository/com/h2database/h2/2.2.224/h2-2.2.224.jar:/Users/javierjaramillo/.m2/repository/org/springframework/boot/spring-boot-starter-test/3.2.0/spring-boot-starter-test-3.2.0.jar:/Users/javierjaramillo/.m2/repository/org/springframework/boot/spring-boot-test/3.2.0/spring-boot-test-3.2.0.jar:/Users/javierjaramillo/.m2/repository/org/springframework/boot/spring-boot-test-autoconfigure/3.2.0/spring-boot-test-autoconfigure-3.2.0.jar:/Users/javierjaramillo/.m2/repository/com/jayway/jsonpath/json-path/2.8.0/json-path-2.8.0.jar:/Users/javierjaramillo/.m2/repository/jakarta/xml/bind/jakarta.xml.bind-api/4.0.1/jakarta.xml.bind-api-4.0.1.jar:/Users/javierjaramillo/.m2/repository/jakarta/activation/jakarta.activation-api/2.1.2/jakarta.activation-api-2.1.2.jar:/Users/javierjaramillo/.m2/repository/net/minidev/json-smart/2.5.0/json-smart-2.5.0.jar:/Users/javierjaramillo/.m2/repository/net/minidev/accessors-smart/2.5.0/accessors-smart-2.5.0.jar:/Users/javierjaramillo/.m2/repository/org/ow2/asm/asm/9.3/asm-9.3.jar:/Users/javierjaramillo/.m2/repository/org/assertj/assertj-core/3.24.2/assertj-core-3.24.2.jar:/Users/javierjaramillo/.m2/repository/net/bytebuddy/byte-buddy/1.14.10/byte-buddy-1.14.10.jar:/Users/javierjaramillo/.m2/repository/org/awaitility/awaitility/4.2.0/awaitility-4.2.0.jar:/Users/javierjaramillo/.m2/repository/org/hamcrest/hamcrest/2.2/hamcrest-2.2.jar:/Users/javierjaramillo/.m2/repository/org/junit/jupiter/junit-jupiter/5.10.1/junit-jupiter-5.10.1.jar:/Users/javierjaramillo/.m2/repository/org/junit/jupiter/junit-jupiter-api/5.10.1/junit-jupiter-api-5.10.1.jar:/Users/javierjaramillo/.m2/repository/org/opentest4j/opentest4j/1.3.0/opentest4j-1.3.0.jar:/Users/javierjaramillo/.m2/repository/org/junit/platform/junit-platform-commons/1.10.1/junit-platform-commons-1.10.1.jar:/Users/javierjaramillo/.m2/repository/org/apiguardian/apiguardian-api/1.1.2/apiguardian-api-1.1.2.jar:/Users/javierjaramillo/.m2/repository/org/junit/jupiter/junit-jupiter-params/5.10.1/junit-jupiter-params-5.10.1.jar:/Users/javierjaramillo/.m2/repository/org/junit/jupiter/junit-jupiter-engine/5.10.1/junit-jupiter-engine-5.10.1.jar:/Users/javierjaramillo/.m2/repository/org/junit/platform/junit-platform-engine/1.10.1/junit-platform-engine-1.10.1.jar:/Users/javierjaramillo/.m2/repository/org/mockito/mockito-core/5.7.0/mockito-core-5.7.0.jar:/Users/javierjaramillo/.m2/repository/net/bytebuddy/byte-buddy-agent/1.14.10/byte-buddy-agent-1.14.10.jar:/Users/javierjaramillo/.m2/repository/org/objenesis/objenesis/3.3/objenesis-3.3.jar:/Users/javierjaramillo/.m2/repository/org/mockito/mockito-junit-jupiter/5.7.0/mockito-junit-jupiter-5.7.0.jar:/Users/javierjaramillo/.m2/repository/org/skyscreamer/jsonassert/1.5.1/jsonassert-1.5.1.jar:/Users/javierjaramillo/.m2/repository/com/vaadin/external/google/android-json/0.0.20131108.vaadin1/android-json-0.0.20131108.vaadin1.jar:/Users/javierjaramillo/.m2/repository/org/springframework/spring-core/6.1.1/spring-core-6.1.1.jar:/Users/javierjaramillo/.m2/repository/org/springframework/spring-jcl/6.1.1/spring-jcl-6.1.1.jar:/Users/javierjaramillo/.m2/repository/org/springframework/spring-test/6.1.1/spring-test-6.1.1.jar:/Users/javierjaramillo/.m2/repository/org/xmlunit/xmlunit-core/2.9.1/xmlunit-core-2.9.1.jar:/Users/javierjaramillo/.m2/repository/io/projectreactor/reactor-test/3.6.0/reactor-test-3.6.0.jar:"/>
    <property name="sun.cpu.endian" value="little"/>
    <property name="user.home" value="/Users/javierjaramillo"/>
    <property name="user.language" value="en"/>
    <property name="java.specification.vendor" value="Oracle Corporation"/>
    <property name="java.version.date" value="2025-01-21"/>
    <property name="java.home" value="/Users/javierjaramillo/.sdkman/candidates/java/21.0.6-amzn"/>
    <property name="file.separator" value="/"/>
    <property name="basedir" value="/Users/javierjaramillo/Desktop/vibe_coding/spring"/>
    <property name="java.vm.compressedOopsMode" value="Zero based"/>
    <property name="line.separator" value="&#10;"/>
    <property name="java.vm.specification.vendor" value="Oracle Corporation"/>
    <property name="java.specification.name" value="Java Platform API Specification"/>
    <property name="FILE_LOG_CHARSET" value="UTF-8"/>
    <property name="java.awt.headless" value="true"/>
    <property name="apple.awt.application.name" value="ForkedBooter"/>
    <property name="surefire.real.class.path" value="/Users/javierjaramillo/Desktop/vibe_coding/spring/target/surefire/surefirebooter-20250723210653016_3.jar"/>
    <property name="sun.management.compiler" value="HotSpot 64-Bit Tiered Compilers"/>
    <property name="ftp.nonProxyHosts" value="local|*.local|169.254/16|*.169.254/16"/>
    <property name="java.runtime.version" value="21.0.6+7-LTS"/>
    <property name="user.name" value="javierjaramillo"/>
    <property name="stdout.encoding" value="UTF-8"/>
    <property name="path.separator" value=":"/>
    <property name="os.version" value="15.5"/>
    <property name="java.runtime.name" value="OpenJDK Runtime Environment"/>
    <property name="file.encoding" value="UTF-8"/>
    <property name="java.vm.name" value="OpenJDK 64-Bit Server VM"/>
    <property name="java.vendor.version" value="Corretto-21.0.6.7.1"/>
    <property name="localRepository" value="/Users/javierjaramillo/.m2/repository"/>
    <property name="java.vendor.url.bug" value="https://github.com/corretto/corretto-21/issues/"/>
    <property name="java.io.tmpdir" value="/var/folders/_8/_wp11p5x3v7g66pgdryq7r3m0000gn/T/"/>
    <property name="java.version" value="21.0.6"/>
    <property name="user.dir" value="/Users/javierjaramillo/Desktop/vibe_coding/spring"/>
    <property name="os.arch" value="aarch64"/>
    <property name="java.vm.specification.name" value="Java Virtual Machine Specification"/>
    <property name="PID" value="96749"/>
    <property name="CONSOLE_LOG_CHARSET" value="UTF-8"/>
    <property name="native.encoding" value="UTF-8"/>
    <property name="java.library.path" value="/Users/javierjaramillo/Library/Java/Extensions:/Library/Java/Extensions:/Network/Library/Java/Extensions:/System/Library/Java/Extensions:/usr/lib/java:."/>
    <property name="java.vm.info" value="mixed mode, sharing"/>
    <property name="stderr.encoding" value="UTF-8"/>
    <property name="java.vendor" value="Amazon.com Inc."/>
    <property name="java.vm.version" value="21.0.6+7-LTS"/>
    <property name="sun.io.unicode.encoding" value="UnicodeBig"/>
    <property name="socksNonProxyHosts" value="local|*.local|169.254/16|*.169.254/16"/>
    <property name="java.class.version" value="65.0"/>
    <property name="LOGGED_APPLICATION_NAME" value="[spring-reactive-demo] "/>
  </properties>
  <testcase name="getUserById_ShouldReturnUser_WhenUserExists" classname="com.interview.controller.UserControllerTest" time="0.063">
    <system-out><![CDATA[21:06:53.276 [main] INFO org.springframework.test.context.support.AnnotationConfigContextLoaderUtils -- Could not detect default configuration classes for test class [com.interview.controller.UserControllerTest]: UserControllerTest does not declare any static, non-private, non-final, nested classes annotated with @Configuration.
21:06:53.314 [main] INFO org.springframework.boot.test.context.SpringBootTestContextBootstrapper -- Found @SpringBootConfiguration com.interview.SpringReactiveDemoApplication for test class com.interview.controller.UserControllerTest

  .   ____          _            __ _ _
 /\\ / ___'_ __ _ _(_)_ __  __ _ \ \ \ \
( ( )\___ | '_ | '_| | '_ \/ _` | \ \ \ \
 \\/  ___)| |_)| | | | | || (_| |  ) ) ) )
  '  |____| .__|_| |_|_| |_\__, | / / / /
 =========|_|==============|___/=/_/_/_/
 :: Spring Boot ::                (v3.2.0)

2025-07-23T21:06:53.435-05:00  INFO 96749 --- [spring-reactive-demo] [           main] c.i.controller.UserControllerTest        : Starting UserControllerTest using Java 21.0.6 with PID 96749 (started by javierjaramillo in /Users/javierjaramillo/Desktop/vibe_coding/spring)
2025-07-23T21:06:53.435-05:00 DEBUG 96749 --- [spring-reactive-demo] [           main] c.i.controller.UserControllerTest        : Running with Spring Boot v3.2.0, Spring v6.1.1
2025-07-23T21:06:53.435-05:00  INFO 96749 --- [spring-reactive-demo] [           main] c.i.controller.UserControllerTest        : No active profile set, falling back to 1 default profile: "default"
2025-07-23T21:06:53.565-05:00  INFO 96749 --- [spring-reactive-demo] [           main] .s.d.r.c.RepositoryConfigurationDelegate : Bootstrapping Spring Data R2DBC repositories in DEFAULT mode.
2025-07-23T21:06:53.604-05:00  INFO 96749 --- [spring-reactive-demo] [           main] .s.d.r.c.RepositoryConfigurationDelegate : Finished Spring Data repository scanning in 37 ms. Found 1 R2DBC repository interface.
2025-07-23T21:06:54.562-05:00 DEBUG 96749 --- [spring-reactive-demo] [       single-1] io.r2dbc.h2.client.SessionClient         : Request:  CALL H2VERSION()
2025-07-23T21:06:54.563-05:00 DEBUG 96749 --- [spring-reactive-demo] [       single-1] io.r2dbc.h2.client.SessionClient         : Response: org.h2.result.LocalResult@30f7fd92 columns: 1 rows: 1 pos: -1
2025-07-23T21:06:54.566-05:00 DEBUG 96749 --- [spring-reactive-demo] [       single-1] io.r2dbc.h2.client.SessionClient         : Request:  SELECT CURRENT_TIMESTAMP
2025-07-23T21:06:54.567-05:00 DEBUG 96749 --- [spring-reactive-demo] [       single-1] io.r2dbc.h2.client.SessionClient         : Response: org.h2.result.LocalResult@2ded2945 columns: 1 rows: 1 pos: -1
2025-07-23T21:06:54.568-05:00 DEBUG 96749 --- [spring-reactive-demo] [       single-1] o.s.r2dbc.connection.init.ScriptUtils    : Executing SQL script from class path resource [schema.sql]
2025-07-23T21:06:54.576-05:00 DEBUG 96749 --- [spring-reactive-demo] [       single-1] io.r2dbc.h2.client.SessionClient         : Request:  CALL H2VERSION()
2025-07-23T21:06:54.576-05:00 DEBUG 96749 --- [spring-reactive-demo] [       single-1] io.r2dbc.h2.client.SessionClient         : Response: org.h2.result.LocalResult@fb9f999 columns: 1 rows: 1 pos: -1
2025-07-23T21:06:54.577-05:00 DEBUG 96749 --- [spring-reactive-demo] [       single-1] io.r2dbc.h2.client.SessionClient         : Request:  CALL H2VERSION()
2025-07-23T21:06:54.577-05:00 DEBUG 96749 --- [spring-reactive-demo] [       single-1] io.r2dbc.h2.client.SessionClient         : Response: org.h2.result.LocalResult@6fe55570 columns: 1 rows: 1 pos: -1
2025-07-23T21:06:54.586-05:00 DEBUG 96749 --- [spring-reactive-demo] [       single-1] io.r2dbc.h2.client.SessionClient         : Request:  CALL H2VERSION()
2025-07-23T21:06:54.586-05:00 DEBUG 96749 --- [spring-reactive-demo] [       single-1] io.r2dbc.h2.client.SessionClient         : Response: org.h2.result.LocalResult@29c9c2c7 columns: 1 rows: 1 pos: -1
2025-07-23T21:06:54.586-05:00 DEBUG 96749 --- [spring-reactive-demo] [       single-1] io.r2dbc.h2.client.SessionClient         : Request:  CALL H2VERSION()
2025-07-23T21:06:54.586-05:00 DEBUG 96749 --- [spring-reactive-demo] [       single-1] io.r2dbc.h2.client.SessionClient         : Response: org.h2.result.LocalResult@2b11732b columns: 1 rows: 1 pos: -1
2025-07-23T21:06:54.587-05:00 DEBUG 96749 --- [spring-reactive-demo] [       single-1] io.r2dbc.h2.client.SessionClient         : Request:  CALL H2VERSION()
2025-07-23T21:06:54.587-05:00 DEBUG 96749 --- [spring-reactive-demo] [       single-1] io.r2dbc.h2.client.SessionClient         : Response: org.h2.result.LocalResult@6b2432e1 columns: 1 rows: 1 pos: -1
2025-07-23T21:06:54.587-05:00 DEBUG 96749 --- [spring-reactive-demo] [       single-1] io.r2dbc.h2.client.SessionClient         : Request:  CALL H2VERSION()
2025-07-23T21:06:54.587-05:00 DEBUG 96749 --- [spring-reactive-demo] [       single-1] io.r2dbc.h2.client.SessionClient         : Response: org.h2.result.LocalResult@2eafa420 columns: 1 rows: 1 pos: -1
2025-07-23T21:06:54.587-05:00 DEBUG 96749 --- [spring-reactive-demo] [       single-1] io.r2dbc.h2.client.SessionClient         : Request:  CALL H2VERSION()
2025-07-23T21:06:54.587-05:00 DEBUG 96749 --- [spring-reactive-demo] [       single-1] io.r2dbc.h2.client.SessionClient         : Response: org.h2.result.LocalResult@491794c8 columns: 1 rows: 1 pos: -1
2025-07-23T21:06:54.587-05:00 DEBUG 96749 --- [spring-reactive-demo] [       single-1] io.r2dbc.h2.client.SessionClient         : Request:  CALL H2VERSION()
2025-07-23T21:06:54.587-05:00 DEBUG 96749 --- [spring-reactive-demo] [       single-1] io.r2dbc.h2.client.SessionClient         : Response: org.h2.result.LocalResult@693f2eea columns: 1 rows: 1 pos: -1
2025-07-23T21:06:54.588-05:00 DEBUG 96749 --- [spring-reactive-demo] [       single-1] io.r2dbc.h2.client.SessionClient         : Request:  CALL H2VERSION()
2025-07-23T21:06:54.588-05:00 DEBUG 96749 --- [spring-reactive-demo] [       single-1] io.r2dbc.h2.client.SessionClient         : Response: org.h2.result.LocalResult@23c6aa16 columns: 1 rows: 1 pos: -1
2025-07-23T21:06:54.588-05:00 DEBUG 96749 --- [spring-reactive-demo] [       Thread-4] io.r2dbc.h2.client.SessionClient         : Request:  DROP TABLE IF EXISTS users
2025-07-23T21:06:54.588-05:00 DEBUG 96749 --- [spring-reactive-demo] [       Thread-4] o.s.r2dbc.connection.init.ScriptUtils    : 0 returned as update count for SQL: DROP TABLE IF EXISTS users
2025-07-23T21:06:54.590-05:00 DEBUG 96749 --- [spring-reactive-demo] [       Thread-4] io.r2dbc.h2.client.SessionClient         : Request:  CREATE TABLE users ( id BIGINT AUTO_INCREMENT PRIMARY KEY, name VARCHAR(50) NOT NULL, email VARCHAR(100) NOT NULL UNIQUE, department VARCHAR(50) )
2025-07-23T21:06:54.591-05:00 DEBUG 96749 --- [spring-reactive-demo] [       Thread-4] o.s.r2dbc.connection.init.ScriptUtils    : 0 returned as update count for SQL: CREATE TABLE users ( id BIGINT AUTO_INCREMENT PRIMARY KEY, name VARCHAR(50) NOT NULL, email VARCHAR(100) NOT NULL UNIQUE, department VARCHAR(50) )
2025-07-23T21:06:54.592-05:00 DEBUG 96749 --- [spring-reactive-demo] [       Thread-4] o.s.r2dbc.connection.init.ScriptUtils    : Executed SQL script from class path resource [schema.sql] in 23 ms.
2025-07-23T21:06:54.593-05:00 DEBUG 96749 --- [spring-reactive-demo] [       Thread-4] io.r2dbc.h2.client.SessionClient         : Request:  SELECT CURRENT_TIMESTAMP
2025-07-23T21:06:54.593-05:00 DEBUG 96749 --- [spring-reactive-demo] [       Thread-4] io.r2dbc.h2.client.SessionClient         : Response: org.h2.result.LocalResult@4b3c8e47 columns: 1 rows: 1 pos: -1
2025-07-23T21:06:54.594-05:00 DEBUG 96749 --- [spring-reactive-demo] [           main] io.r2dbc.h2.client.SessionClient         : Request:  SELECT CURRENT_TIMESTAMP
2025-07-23T21:06:54.594-05:00 DEBUG 96749 --- [spring-reactive-demo] [           main] io.r2dbc.h2.client.SessionClient         : Response: org.h2.result.LocalResult@2133b712 columns: 1 rows: 1 pos: -1
2025-07-23T21:06:54.594-05:00 DEBUG 96749 --- [spring-reactive-demo] [           main] o.s.r2dbc.connection.init.ScriptUtils    : Executing SQL script from class path resource [data.sql]
2025-07-23T21:06:54.595-05:00 DEBUG 96749 --- [spring-reactive-demo] [       Thread-3] io.r2dbc.h2.client.SessionClient         : Request:  INSERT INTO users (name, email, department) VALUES ('John Doe', 'john.doe@company.com', 'Engineering'), ('Jane Smith', 'jane.smith@company.com', 'Marketing'), ('Bob Johnson', 'bob.johnson@company.com', 'Engineering'), ('Alice Brown', 'alice.brown@company.com', 'HR'), ('Charlie Wilson', 'charlie.wilson@company.com', 'Sales')
2025-07-23T21:06:54.596-05:00 DEBUG 96749 --- [spring-reactive-demo] [       Thread-3] o.s.r2dbc.connection.init.ScriptUtils    : 5 returned as update count for SQL: INSERT INTO users (name, email, department) VALUES ('John Doe', 'john.doe@company.com', 'Engineering'), ('Jane Smith', 'jane.smith@company.com', 'Marketing'), ('Bob Johnson', 'bob.johnson@company.com', 'Engineering'), ('Alice Brown', 'alice.brown@company.com', 'HR'), ('Charlie Wilson', 'charlie.wilson@company.com', 'Sales')
2025-07-23T21:06:54.596-05:00 DEBUG 96749 --- [spring-reactive-demo] [       Thread-3] o.s.r2dbc.connection.init.ScriptUtils    : Executed SQL script from class path resource [data.sql] in 2 ms.
2025-07-23T21:06:54.596-05:00 DEBUG 96749 --- [spring-reactive-demo] [       Thread-3] io.r2dbc.h2.client.SessionClient         : Request:  SELECT CURRENT_TIMESTAMP
2025-07-23T21:06:54.596-05:00 DEBUG 96749 --- [spring-reactive-demo] [       Thread-3] io.r2dbc.h2.client.SessionClient         : Response: org.h2.result.LocalResult@6071588 columns: 1 rows: 1 pos: -1
2025-07-23T21:06:54.618-05:00  INFO 96749 --- [spring-reactive-demo] [           main] c.i.controller.UserControllerTest        : Started UserControllerTest in 1.265 seconds (process running for 1.571)
]]></system-out>
    <system-err><![CDATA[WARNING: A Java agent has been loaded dynamically (/Users/javierjaramillo/.m2/repository/net/bytebuddy/byte-buddy-agent/1.14.10/byte-buddy-agent-1.14.10.jar)
WARNING: If a serviceability tool is in use, please run with -XX:+EnableDynamicAgentLoading to hide this warning
WARNING: If a serviceability tool is not in use, please run with -Djdk.instrument.traceUsage for more information
WARNING: Dynamic loading of agents will be disallowed by default in a future release
]]></system-err>
  </testcase>
  <testcase name="getUserEmailsByDepartment_ShouldReturnEmails" classname="com.interview.controller.UserControllerTest" time="0.008"/>
  <testcase name="updateUser_ShouldReturnUpdatedUser" classname="com.interview.controller.UserControllerTest" time="0.03"/>
  <testcase name="searchUsers_ShouldReturnMatchingUsers" classname="com.interview.controller.UserControllerTest" time="0.007"/>
  <testcase name="createUser_ShouldReturn400_WhenValidationFails" classname="com.interview.controller.UserControllerTest" time="0.01"/>
  <testcase name="createUser_ShouldReturnCreatedUser" classname="com.interview.controller.UserControllerTest" time="0.003"/>
  <testcase name="getUserById_ShouldReturn404_WhenUserNotFound" classname="com.interview.controller.UserControllerTest" time="0.001"/>
  <testcase name="getUsersByDepartment_ShouldReturnFilteredUsers" classname="com.interview.controller.UserControllerTest" time="0.001"/>
  <testcase name="getAllUsers_ShouldReturnAllUsers" classname="com.interview.controller.UserControllerTest" time="0.002"/>
  <testcase name="deleteUser_ShouldReturn204" classname="com.interview.controller.UserControllerTest" time="0.002"/>
  <testcase name="getUserCountByDepartment_ShouldReturnCount" classname="com.interview.controller.UserControllerTest" time="0.002"/>
</testsuite>