<?xml version="1.0" encoding="UTF-8"?>
<testsuite xmlns:xsi="http://www.w3.org/2001/XMLSchema-instance" xsi:noNamespaceSchemaLocation="https://maven.apache.org/surefire/maven-surefire-plugin/xsd/surefire-test-report-3.0.xsd" version="3.0" name="com.interview.SpringReactiveDemoApplicationTests" time="1.397" tests="11" errors="0" skipped="0" failures="0">
  <properties>
    <property name="java.specification.version" value="21"/>
    <property name="sun.jnu.encoding" value="UTF-8"/>
    <property name="java.class.path" value="/Users/javierjaramillo/Desktop/vibe_coding/spring/target/test-classes:/Users/javierjaramillo/Desktop/vibe_coding/spring/target/classes:/Users/javierjaramillo/.m2/repository/org/springframework/boot/spring-boot-starter-webflux/3.2.0/spring-boot-starter-webflux-3.2.0.jar:/Users/javierjaramillo/.m2/repository/org/springframework/boot/spring-boot-starter/3.2.0/spring-boot-starter-3.2.0.jar:/Users/javierjaramillo/.m2/repository/org/springframework/boot/spring-boot/3.2.0/spring-boot-3.2.0.jar:/Users/javierjaramillo/.m2/repository/org/springframework/boot/spring-boot-autoconfigure/3.2.0/spring-boot-autoconfigure-3.2.0.jar:/Users/javierjaramillo/.m2/repository/org/springframework/boot/spring-boot-starter-logging/3.2.0/spring-boot-starter-logging-3.2.0.jar:/Users/javierjaramillo/.m2/repository/ch/qos/logback/logback-classic/1.4.11/logback-classic-1.4.11.jar:/Users/javierjaramillo/.m2/repository/ch/qos/logback/logback-core/1.4.11/logback-core-1.4.11.jar:/Users/javierjaramillo/.m2/repository/org/apache/logging/log4j/log4j-to-slf4j/2.21.1/log4j-to-slf4j-2.21.1.jar:/Users/javierjaramillo/.m2/repository/org/apache/logging/log4j/log4j-api/2.21.1/log4j-api-2.21.1.jar:/Users/javierjaramillo/.m2/repository/org/slf4j/jul-to-slf4j/2.0.9/jul-to-slf4j-2.0.9.jar:/Users/javierjaramillo/.m2/repository/jakarta/annotation/jakarta.annotation-api/2.1.1/jakarta.annotation-api-2.1.1.jar:/Users/javierjaramillo/.m2/repository/org/yaml/snakeyaml/2.2/snakeyaml-2.2.jar:/Users/javierjaramillo/.m2/repository/org/springframework/boot/spring-boot-starter-json/3.2.0/spring-boot-starter-json-3.2.0.jar:/Users/javierjaramillo/.m2/repository/com/fasterxml/jackson/core/jackson-databind/2.15.3/jackson-databind-2.15.3.jar:/Users/javierjaramillo/.m2/repository/com/fasterxml/jackson/core/jackson-annotations/2.15.3/jackson-annotations-2.15.3.jar:/Users/javierjaramillo/.m2/repository/com/fasterxml/jackson/core/jackson-core/2.15.3/jackson-core-2.15.3.jar:/Users/javierjaramillo/.m2/repository/com/fasterxml/jackson/datatype/jackson-datatype-jdk8/2.15.3/jackson-datatype-jdk8-2.15.3.jar:/Users/javierjaramillo/.m2/repository/com/fasterxml/jackson/datatype/jackson-datatype-jsr310/2.15.3/jackson-datatype-jsr310-2.15.3.jar:/Users/javierjaramillo/.m2/repository/com/fasterxml/jackson/module/jackson-module-parameter-names/2.15.3/jackson-module-parameter-names-2.15.3.jar:/Users/javierjaramillo/.m2/repository/org/springframework/boot/spring-boot-starter-reactor-netty/3.2.0/spring-boot-starter-reactor-netty-3.2.0.jar:/Users/javierjaramillo/.m2/repository/io/projectreactor/netty/reactor-netty-http/1.1.13/reactor-netty-http-1.1.13.jar:/Users/javierjaramillo/.m2/repository/io/netty/netty-codec-http/4.1.101.Final/netty-codec-http-4.1.101.Final.jar:/Users/javierjaramillo/.m2/repository/io/netty/netty-common/4.1.101.Final/netty-common-4.1.101.Final.jar:/Users/javierjaramillo/.m2/repository/io/netty/netty-buffer/4.1.101.Final/netty-buffer-4.1.101.Final.jar:/Users/javierjaramillo/.m2/repository/io/netty/netty-transport/4.1.101.Final/netty-transport-4.1.101.Final.jar:/Users/javierjaramillo/.m2/repository/io/netty/netty-codec/4.1.101.Final/netty-codec-4.1.101.Final.jar:/Users/javierjaramillo/.m2/repository/io/netty/netty-handler/4.1.101.Final/netty-handler-4.1.101.Final.jar:/Users/javierjaramillo/.m2/repository/io/netty/netty-codec-http2/4.1.101.Final/netty-codec-http2-4.1.101.Final.jar:/Users/javierjaramillo/.m2/repository/io/netty/netty-resolver-dns/4.1.101.Final/netty-resolver-dns-4.1.101.Final.jar:/Users/javierjaramillo/.m2/repository/io/netty/netty-resolver/4.1.101.Final/netty-resolver-4.1.101.Final.jar:/Users/javierjaramillo/.m2/repository/io/netty/netty-codec-dns/4.1.101.Final/netty-codec-dns-4.1.101.Final.jar:/Users/javierjaramillo/.m2/repository/io/netty/netty-resolver-dns-native-macos/4.1.101.Final/netty-resolver-dns-native-macos-4.1.101.Final-osx-x86_64.jar:/Users/javierjaramillo/.m2/repository/io/netty/netty-resolver-dns-classes-macos/4.1.101.Final/netty-resolver-dns-classes-macos-4.1.101.Final.jar:/Users/javierjaramillo/.m2/repository/io/netty/netty-transport-native-epoll/4.1.101.Final/netty-transport-native-epoll-4.1.101.Final-linux-x86_64.jar:/Users/javierjaramillo/.m2/repository/io/netty/netty-transport-native-unix-common/4.1.101.Final/netty-transport-native-unix-common-4.1.101.Final.jar:/Users/javierjaramillo/.m2/repository/io/netty/netty-transport-classes-epoll/4.1.101.Final/netty-transport-classes-epoll-4.1.101.Final.jar:/Users/javierjaramillo/.m2/repository/io/projectreactor/netty/reactor-netty-core/1.1.13/reactor-netty-core-1.1.13.jar:/Users/javierjaramillo/.m2/repository/io/netty/netty-handler-proxy/4.1.101.Final/netty-handler-proxy-4.1.101.Final.jar:/Users/javierjaramillo/.m2/repository/io/netty/netty-codec-socks/4.1.101.Final/netty-codec-socks-4.1.101.Final.jar:/Users/javierjaramillo/.m2/repository/org/springframework/spring-web/6.1.1/spring-web-6.1.1.jar:/Users/javierjaramillo/.m2/repository/org/springframework/spring-beans/6.1.1/spring-beans-6.1.1.jar:/Users/javierjaramillo/.m2/repository/io/micrometer/micrometer-observation/1.12.0/micrometer-observation-1.12.0.jar:/Users/javierjaramillo/.m2/repository/io/micrometer/micrometer-commons/1.12.0/micrometer-commons-1.12.0.jar:/Users/javierjaramillo/.m2/repository/org/springframework/spring-webflux/6.1.1/spring-webflux-6.1.1.jar:/Users/javierjaramillo/.m2/repository/org/springframework/boot/spring-boot-starter-data-r2dbc/3.2.0/spring-boot-starter-data-r2dbc-3.2.0.jar:/Users/javierjaramillo/.m2/repository/org/springframework/data/spring-data-r2dbc/3.2.0/spring-data-r2dbc-3.2.0.jar:/Users/javierjaramillo/.m2/repository/org/springframework/data/spring-data-relational/3.2.0/spring-data-relational-3.2.0.jar:/Users/javierjaramillo/.m2/repository/com/github/jsqlparser/jsqlparser/4.6/jsqlparser-4.6.jar:/Users/javierjaramillo/.m2/repository/org/springframework/data/spring-data-commons/3.2.0/spring-data-commons-3.2.0.jar:/Users/javierjaramillo/.m2/repository/org/springframework/spring-tx/6.1.1/spring-tx-6.1.1.jar:/Users/javierjaramillo/.m2/repository/org/springframework/spring-context/6.1.1/spring-context-6.1.1.jar:/Users/javierjaramillo/.m2/repository/org/springframework/spring-aop/6.1.1/spring-aop-6.1.1.jar:/Users/javierjaramillo/.m2/repository/org/springframework/spring-expression/6.1.1/spring-expression-6.1.1.jar:/Users/javierjaramillo/.m2/repository/org/springframework/spring-jdbc/6.1.1/spring-jdbc-6.1.1.jar:/Users/javierjaramillo/.m2/repository/org/springframework/spring-r2dbc/6.1.1/spring-r2dbc-6.1.1.jar:/Users/javierjaramillo/.m2/repository/org/slf4j/slf4j-api/2.0.9/slf4j-api-2.0.9.jar:/Users/javierjaramillo/.m2/repository/io/r2dbc/r2dbc-spi/1.0.0.RELEASE/r2dbc-spi-1.0.0.RELEASE.jar:/Users/javierjaramillo/.m2/repository/org/reactivestreams/reactive-streams/1.0.4/reactive-streams-1.0.4.jar:/Users/javierjaramillo/.m2/repository/io/r2dbc/r2dbc-pool/1.0.1.RELEASE/r2dbc-pool-1.0.1.RELEASE.jar:/Users/javierjaramillo/.m2/repository/io/projectreactor/addons/reactor-pool/1.0.3/reactor-pool-1.0.3.jar:/Users/javierjaramillo/.m2/repository/org/springframework/boot/spring-boot-starter-validation/3.2.0/spring-boot-starter-validation-3.2.0.jar:/Users/javierjaramillo/.m2/repository/org/apache/tomcat/embed/tomcat-embed-el/10.1.16/tomcat-embed-el-10.1.16.jar:/Users/javierjaramillo/.m2/repository/org/hibernate/validator/hibernate-validator/8.0.1.Final/hibernate-validator-8.0.1.Final.jar:/Users/javierjaramillo/.m2/repository/jakarta/validation/jakarta.validation-api/3.0.2/jakarta.validation-api-3.0.2.jar:/Users/javierjaramillo/.m2/repository/org/jboss/logging/jboss-logging/3.5.3.Final/jboss-logging-3.5.3.Final.jar:/Users/javierjaramillo/.m2/repository/com/fasterxml/classmate/1.6.0/classmate-1.6.0.jar:/Users/javierjaramillo/.m2/repository/io/r2dbc/r2dbc-h2/1.0.0.RELEASE/r2dbc-h2-1.0.0.RELEASE.jar:/Users/javierjaramillo/.m2/repository/io/projectreactor/reactor-core/3.6.0/reactor-core-3.6.0.jar:/Users/javierjaramillo/.m2/repository/com/h2database/h2/2.2.224/h2-2.2.224.jar:/Users/javierjaramillo/.m2/repository/org/springframework/boot/spring-boot-starter-test/3.2.0/spring-boot-starter-test-3.2.0.jar:/Users/javierjaramillo/.m2/repository/org/springframework/boot/spring-boot-test/3.2.0/spring-boot-test-3.2.0.jar:/Users/javierjaramillo/.m2/repository/org/springframework/boot/spring-boot-test-autoconfigure/3.2.0/spring-boot-test-autoconfigure-3.2.0.jar:/Users/javierjaramillo/.m2/repository/com/jayway/jsonpath/json-path/2.8.0/json-path-2.8.0.jar:/Users/javierjaramillo/.m2/repository/jakarta/xml/bind/jakarta.xml.bind-api/4.0.1/jakarta.xml.bind-api-4.0.1.jar:/Users/javierjaramillo/.m2/repository/jakarta/activation/jakarta.activation-api/2.1.2/jakarta.activation-api-2.1.2.jar:/Users/javierjaramillo/.m2/repository/net/minidev/json-smart/2.5.0/json-smart-2.5.0.jar:/Users/javierjaramillo/.m2/repository/net/minidev/accessors-smart/2.5.0/accessors-smart-2.5.0.jar:/Users/javierjaramillo/.m2/repository/org/ow2/asm/asm/9.3/asm-9.3.jar:/Users/javierjaramillo/.m2/repository/org/assertj/assertj-core/3.24.2/assertj-core-3.24.2.jar:/Users/javierjaramillo/.m2/repository/net/bytebuddy/byte-buddy/1.14.10/byte-buddy-1.14.10.jar:/Users/javierjaramillo/.m2/repository/org/awaitility/awaitility/4.2.0/awaitility-4.2.0.jar:/Users/javierjaramillo/.m2/repository/org/hamcrest/hamcrest/2.2/hamcrest-2.2.jar:/Users/javierjaramillo/.m2/repository/org/junit/jupiter/junit-jupiter/5.10.1/junit-jupiter-5.10.1.jar:/Users/javierjaramillo/.m2/repository/org/junit/jupiter/junit-jupiter-api/5.10.1/junit-jupiter-api-5.10.1.jar:/Users/javierjaramillo/.m2/repository/org/opentest4j/opentest4j/1.3.0/opentest4j-1.3.0.jar:/Users/javierjaramillo/.m2/repository/org/junit/platform/junit-platform-commons/1.10.1/junit-platform-commons-1.10.1.jar:/Users/javierjaramillo/.m2/repository/org/apiguardian/apiguardian-api/1.1.2/apiguardian-api-1.1.2.jar:/Users/javierjaramillo/.m2/repository/org/junit/jupiter/junit-jupiter-params/5.10.1/junit-jupiter-params-5.10.1.jar:/Users/javierjaramillo/.m2/repository/org/junit/jupiter/junit-jupiter-engine/5.10.1/junit-jupiter-engine-5.10.1.jar:/Users/javierjaramillo/.m2/repository/org/junit/platform/junit-platform-engine/1.10.1/junit-platform-engine-1.10.1.jar:/Users/javierjaramillo/.m2/repository/org/mockito/mockito-core/5.7.0/mockito-core-5.7.0.jar:/Users/javierjaramillo/.m2/repository/net/bytebuddy/byte-buddy-agent/1.14.10/byte-buddy-agent-1.14.10.jar:/Users/javierjaramillo/.m2/repository/org/objenesis/objenesis/3.3/objenesis-3.3.jar:/Users/javierjaramillo/.m2/repository/org/mockito/mockito-junit-jupiter/5.7.0/mockito-junit-jupiter-5.7.0.jar:/Users/javierjaramillo/.m2/repository/org/skyscreamer/jsonassert/1.5.1/jsonassert-1.5.1.jar:/Users/javierjaramillo/.m2/repository/com/vaadin/external/google/android-json/0.0.20131108.vaadin1/android-json-0.0.20131108.vaadin1.jar:/Users/javierjaramillo/.m2/repository/org/springframework/spring-core/6.1.1/spring-core-6.1.1.jar:/Users/javierjaramillo/.m2/repository/org/springframework/spring-jcl/6.1.1/spring-jcl-6.1.1.jar:/Users/javierjaramillo/.m2/repository/org/springframework/spring-test/6.1.1/spring-test-6.1.1.jar:/Users/javierjaramillo/.m2/repository/org/xmlunit/xmlunit-core/2.9.1/xmlunit-core-2.9.1.jar:/Users/javierjaramillo/.m2/repository/io/projectreactor/reactor-test/3.6.0/reactor-test-3.6.0.jar:"/>
    <property name="java.vm.vendor" value="Amazon.com Inc."/>
    <property name="sun.arch.data.model" value="64"/>
    <property name="java.vendor.url" value="https://aws.amazon.com/corretto/"/>
    <property name="user.timezone" value="America/Chicago"/>
    <property name="org.jboss.logging.provider" value="slf4j"/>
    <property name="os.name" value="Mac OS X"/>
    <property name="java.vm.specification.version" value="21"/>
    <property name="sun.java.launcher" value="SUN_STANDARD"/>
    <property name="user.country" value="US"/>
    <property name="sun.boot.library.path" value="/Users/javierjaramillo/.sdkman/candidates/java/21.0.6-amzn/lib"/>
    <property name="sun.java.command" value="/Users/javierjaramillo/Desktop/vibe_coding/spring/target/surefire/surefirebooter-20250723210452959_3.jar /Users/javierjaramillo/Desktop/vibe_coding/spring/target/surefire 2025-07-23T21-04-52_931-jvmRun1 surefire-20250723210452959_1tmp surefire_0-20250723210452959_2tmp"/>
    <property name="http.nonProxyHosts" value="local|*.local|169.254/16|*.169.254/16"/>
    <property name="jdk.debug" value="release"/>
    <property name="surefire.test.class.path" value="/Users/javierjaramillo/Desktop/vibe_coding/spring/target/test-classes:/Users/javierjaramillo/Desktop/vibe_coding/spring/target/classes:/Users/javierjaramillo/.m2/repository/org/springframework/boot/spring-boot-starter-webflux/3.2.0/spring-boot-starter-webflux-3.2.0.jar:/Users/javierjaramillo/.m2/repository/org/springframework/boot/spring-boot-starter/3.2.0/spring-boot-starter-3.2.0.jar:/Users/javierjaramillo/.m2/repository/org/springframework/boot/spring-boot/3.2.0/spring-boot-3.2.0.jar:/Users/javierjaramillo/.m2/repository/org/springframework/boot/spring-boot-autoconfigure/3.2.0/spring-boot-autoconfigure-3.2.0.jar:/Users/javierjaramillo/.m2/repository/org/springframework/boot/spring-boot-starter-logging/3.2.0/spring-boot-starter-logging-3.2.0.jar:/Users/javierjaramillo/.m2/repository/ch/qos/logback/logback-classic/1.4.11/logback-classic-1.4.11.jar:/Users/javierjaramillo/.m2/repository/ch/qos/logback/logback-core/1.4.11/logback-core-1.4.11.jar:/Users/javierjaramillo/.m2/repository/org/apache/logging/log4j/log4j-to-slf4j/2.21.1/log4j-to-slf4j-2.21.1.jar:/Users/javierjaramillo/.m2/repository/org/apache/logging/log4j/log4j-api/2.21.1/log4j-api-2.21.1.jar:/Users/javierjaramillo/.m2/repository/org/slf4j/jul-to-slf4j/2.0.9/jul-to-slf4j-2.0.9.jar:/Users/javierjaramillo/.m2/repository/jakarta/annotation/jakarta.annotation-api/2.1.1/jakarta.annotation-api-2.1.1.jar:/Users/javierjaramillo/.m2/repository/org/yaml/snakeyaml/2.2/snakeyaml-2.2.jar:/Users/javierjaramillo/.m2/repository/org/springframework/boot/spring-boot-starter-json/3.2.0/spring-boot-starter-json-3.2.0.jar:/Users/javierjaramillo/.m2/repository/com/fasterxml/jackson/core/jackson-databind/2.15.3/jackson-databind-2.15.3.jar:/Users/javierjaramillo/.m2/repository/com/fasterxml/jackson/core/jackson-annotations/2.15.3/jackson-annotations-2.15.3.jar:/Users/javierjaramillo/.m2/repository/com/fasterxml/jackson/core/jackson-core/2.15.3/jackson-core-2.15.3.jar:/Users/javierjaramillo/.m2/repository/com/fasterxml/jackson/datatype/jackson-datatype-jdk8/2.15.3/jackson-datatype-jdk8-2.15.3.jar:/Users/javierjaramillo/.m2/repository/com/fasterxml/jackson/datatype/jackson-datatype-jsr310/2.15.3/jackson-datatype-jsr310-2.15.3.jar:/Users/javierjaramillo/.m2/repository/com/fasterxml/jackson/module/jackson-module-parameter-names/2.15.3/jackson-module-parameter-names-2.15.3.jar:/Users/javierjaramillo/.m2/repository/org/springframework/boot/spring-boot-starter-reactor-netty/3.2.0/spring-boot-starter-reactor-netty-3.2.0.jar:/Users/javierjaramillo/.m2/repository/io/projectreactor/netty/reactor-netty-http/1.1.13/reactor-netty-http-1.1.13.jar:/Users/javierjaramillo/.m2/repository/io/netty/netty-codec-http/4.1.101.Final/netty-codec-http-4.1.101.Final.jar:/Users/javierjaramillo/.m2/repository/io/netty/netty-common/4.1.101.Final/netty-common-4.1.101.Final.jar:/Users/javierjaramillo/.m2/repository/io/netty/netty-buffer/4.1.101.Final/netty-buffer-4.1.101.Final.jar:/Users/javierjaramillo/.m2/repository/io/netty/netty-transport/4.1.101.Final/netty-transport-4.1.101.Final.jar:/Users/javierjaramillo/.m2/repository/io/netty/netty-codec/4.1.101.Final/netty-codec-4.1.101.Final.jar:/Users/javierjaramillo/.m2/repository/io/netty/netty-handler/4.1.101.Final/netty-handler-4.1.101.Final.jar:/Users/javierjaramillo/.m2/repository/io/netty/netty-codec-http2/4.1.101.Final/netty-codec-http2-4.1.101.Final.jar:/Users/javierjaramillo/.m2/repository/io/netty/netty-resolver-dns/4.1.101.Final/netty-resolver-dns-4.1.101.Final.jar:/Users/javierjaramillo/.m2/repository/io/netty/netty-resolver/4.1.101.Final/netty-resolver-4.1.101.Final.jar:/Users/javierjaramillo/.m2/repository/io/netty/netty-codec-dns/4.1.101.Final/netty-codec-dns-4.1.101.Final.jar:/Users/javierjaramillo/.m2/repository/io/netty/netty-resolver-dns-native-macos/4.1.101.Final/netty-resolver-dns-native-macos-4.1.101.Final-osx-x86_64.jar:/Users/javierjaramillo/.m2/repository/io/netty/netty-resolver-dns-classes-macos/4.1.101.Final/netty-resolver-dns-classes-macos-4.1.101.Final.jar:/Users/javierjaramillo/.m2/repository/io/netty/netty-transport-native-epoll/4.1.101.Final/netty-transport-native-epoll-4.1.101.Final-linux-x86_64.jar:/Users/javierjaramillo/.m2/repository/io/netty/netty-transport-native-unix-common/4.1.101.Final/netty-transport-native-unix-common-4.1.101.Final.jar:/Users/javierjaramillo/.m2/repository/io/netty/netty-transport-classes-epoll/4.1.101.Final/netty-transport-classes-epoll-4.1.101.Final.jar:/Users/javierjaramillo/.m2/repository/io/projectreactor/netty/reactor-netty-core/1.1.13/reactor-netty-core-1.1.13.jar:/Users/javierjaramillo/.m2/repository/io/netty/netty-handler-proxy/4.1.101.Final/netty-handler-proxy-4.1.101.Final.jar:/Users/javierjaramillo/.m2/repository/io/netty/netty-codec-socks/4.1.101.Final/netty-codec-socks-4.1.101.Final.jar:/Users/javierjaramillo/.m2/repository/org/springframework/spring-web/6.1.1/spring-web-6.1.1.jar:/Users/javierjaramillo/.m2/repository/org/springframework/spring-beans/6.1.1/spring-beans-6.1.1.jar:/Users/javierjaramillo/.m2/repository/io/micrometer/micrometer-observation/1.12.0/micrometer-observation-1.12.0.jar:/Users/javierjaramillo/.m2/repository/io/micrometer/micrometer-commons/1.12.0/micrometer-commons-1.12.0.jar:/Users/javierjaramillo/.m2/repository/org/springframework/spring-webflux/6.1.1/spring-webflux-6.1.1.jar:/Users/javierjaramillo/.m2/repository/org/springframework/boot/spring-boot-starter-data-r2dbc/3.2.0/spring-boot-starter-data-r2dbc-3.2.0.jar:/Users/javierjaramillo/.m2/repository/org/springframework/data/spring-data-r2dbc/3.2.0/spring-data-r2dbc-3.2.0.jar:/Users/javierjaramillo/.m2/repository/org/springframework/data/spring-data-relational/3.2.0/spring-data-relational-3.2.0.jar:/Users/javierjaramillo/.m2/repository/com/github/jsqlparser/jsqlparser/4.6/jsqlparser-4.6.jar:/Users/javierjaramillo/.m2/repository/org/springframework/data/spring-data-commons/3.2.0/spring-data-commons-3.2.0.jar:/Users/javierjaramillo/.m2/repository/org/springframework/spring-tx/6.1.1/spring-tx-6.1.1.jar:/Users/javierjaramillo/.m2/repository/org/springframework/spring-context/6.1.1/spring-context-6.1.1.jar:/Users/javierjaramillo/.m2/repository/org/springframework/spring-aop/6.1.1/spring-aop-6.1.1.jar:/Users/javierjaramillo/.m2/repository/org/springframework/spring-expression/6.1.1/spring-expression-6.1.1.jar:/Users/javierjaramillo/.m2/repository/org/springframework/spring-jdbc/6.1.1/spring-jdbc-6.1.1.jar:/Users/javierjaramillo/.m2/repository/org/springframework/spring-r2dbc/6.1.1/spring-r2dbc-6.1.1.jar:/Users/javierjaramillo/.m2/repository/org/slf4j/slf4j-api/2.0.9/slf4j-api-2.0.9.jar:/Users/javierjaramillo/.m2/repository/io/r2dbc/r2dbc-spi/1.0.0.RELEASE/r2dbc-spi-1.0.0.RELEASE.jar:/Users/javierjaramillo/.m2/repository/org/reactivestreams/reactive-streams/1.0.4/reactive-streams-1.0.4.jar:/Users/javierjaramillo/.m2/repository/io/r2dbc/r2dbc-pool/1.0.1.RELEASE/r2dbc-pool-1.0.1.RELEASE.jar:/Users/javierjaramillo/.m2/repository/io/projectreactor/addons/reactor-pool/1.0.3/reactor-pool-1.0.3.jar:/Users/javierjaramillo/.m2/repository/org/springframework/boot/spring-boot-starter-validation/3.2.0/spring-boot-starter-validation-3.2.0.jar:/Users/javierjaramillo/.m2/repository/org/apache/tomcat/embed/tomcat-embed-el/10.1.16/tomcat-embed-el-10.1.16.jar:/Users/javierjaramillo/.m2/repository/org/hibernate/validator/hibernate-validator/8.0.1.Final/hibernate-validator-8.0.1.Final.jar:/Users/javierjaramillo/.m2/repository/jakarta/validation/jakarta.validation-api/3.0.2/jakarta.validation-api-3.0.2.jar:/Users/javierjaramillo/.m2/repository/org/jboss/logging/jboss-logging/3.5.3.Final/jboss-logging-3.5.3.Final.jar:/Users/javierjaramillo/.m2/repository/com/fasterxml/classmate/1.6.0/classmate-1.6.0.jar:/Users/javierjaramillo/.m2/repository/io/r2dbc/r2dbc-h2/1.0.0.RELEASE/r2dbc-h2-1.0.0.RELEASE.jar:/Users/javierjaramillo/.m2/repository/io/projectreactor/reactor-core/3.6.0/reactor-core-3.6.0.jar:/Users/javierjaramillo/.m2/repository/com/h2database/h2/2.2.224/h2-2.2.224.jar:/Users/javierjaramillo/.m2/repository/org/springframework/boot/spring-boot-starter-test/3.2.0/spring-boot-starter-test-3.2.0.jar:/Users/javierjaramillo/.m2/repository/org/springframework/boot/spring-boot-test/3.2.0/spring-boot-test-3.2.0.jar:/Users/javierjaramillo/.m2/repository/org/springframework/boot/spring-boot-test-autoconfigure/3.2.0/spring-boot-test-autoconfigure-3.2.0.jar:/Users/javierjaramillo/.m2/repository/com/jayway/jsonpath/json-path/2.8.0/json-path-2.8.0.jar:/Users/javierjaramillo/.m2/repository/jakarta/xml/bind/jakarta.xml.bind-api/4.0.1/jakarta.xml.bind-api-4.0.1.jar:/Users/javierjaramillo/.m2/repository/jakarta/activation/jakarta.activation-api/2.1.2/jakarta.activation-api-2.1.2.jar:/Users/javierjaramillo/.m2/repository/net/minidev/json-smart/2.5.0/json-smart-2.5.0.jar:/Users/javierjaramillo/.m2/repository/net/minidev/accessors-smart/2.5.0/accessors-smart-2.5.0.jar:/Users/javierjaramillo/.m2/repository/org/ow2/asm/asm/9.3/asm-9.3.jar:/Users/javierjaramillo/.m2/repository/org/assertj/assertj-core/3.24.2/assertj-core-3.24.2.jar:/Users/javierjaramillo/.m2/repository/net/bytebuddy/byte-buddy/1.14.10/byte-buddy-1.14.10.jar:/Users/javierjaramillo/.m2/repository/org/awaitility/awaitility/4.2.0/awaitility-4.2.0.jar:/Users/javierjaramillo/.m2/repository/org/hamcrest/hamcrest/2.2/hamcrest-2.2.jar:/Users/javierjaramillo/.m2/repository/org/junit/jupiter/junit-jupiter/5.10.1/junit-jupiter-5.10.1.jar:/Users/javierjaramillo/.m2/repository/org/junit/jupiter/junit-jupiter-api/5.10.1/junit-jupiter-api-5.10.1.jar:/Users/javierjaramillo/.m2/repository/org/opentest4j/opentest4j/1.3.0/opentest4j-1.3.0.jar:/Users/javierjaramillo/.m2/repository/org/junit/platform/junit-platform-commons/1.10.1/junit-platform-commons-1.10.1.jar:/Users/javierjaramillo/.m2/repository/org/apiguardian/apiguardian-api/1.1.2/apiguardian-api-1.1.2.jar:/Users/javierjaramillo/.m2/repository/org/junit/jupiter/junit-jupiter-params/5.10.1/junit-jupiter-params-5.10.1.jar:/Users/javierjaramillo/.m2/repository/org/junit/jupiter/junit-jupiter-engine/5.10.1/junit-jupiter-engine-5.10.1.jar:/Users/javierjaramillo/.m2/repository/org/junit/platform/junit-platform-engine/1.10.1/junit-platform-engine-1.10.1.jar:/Users/javierjaramillo/.m2/repository/org/mockito/mockito-core/5.7.0/mockito-core-5.7.0.jar:/Users/javierjaramillo/.m2/repository/net/bytebuddy/byte-buddy-agent/1.14.10/byte-buddy-agent-1.14.10.jar:/Users/javierjaramillo/.m2/repository/org/objenesis/objenesis/3.3/objenesis-3.3.jar:/Users/javierjaramillo/.m2/repository/org/mockito/mockito-junit-jupiter/5.7.0/mockito-junit-jupiter-5.7.0.jar:/Users/javierjaramillo/.m2/repository/org/skyscreamer/jsonassert/1.5.1/jsonassert-1.5.1.jar:/Users/javierjaramillo/.m2/repository/com/vaadin/external/google/android-json/0.0.20131108.vaadin1/android-json-0.0.20131108.vaadin1.jar:/Users/javierjaramillo/.m2/repository/org/springframework/spring-core/6.1.1/spring-core-6.1.1.jar:/Users/javierjaramillo/.m2/repository/org/springframework/spring-jcl/6.1.1/spring-jcl-6.1.1.jar:/Users/javierjaramillo/.m2/repository/org/springframework/spring-test/6.1.1/spring-test-6.1.1.jar:/Users/javierjaramillo/.m2/repository/org/xmlunit/xmlunit-core/2.9.1/xmlunit-core-2.9.1.jar:/Users/javierjaramillo/.m2/repository/io/projectreactor/reactor-test/3.6.0/reactor-test-3.6.0.jar:"/>
    <property name="sun.cpu.endian" value="little"/>
    <property name="user.home" value="/Users/javierjaramillo"/>
    <property name="user.language" value="en"/>
    <property name="java.specification.vendor" value="Oracle Corporation"/>
    <property name="java.version.date" value="2025-01-21"/>
    <property name="java.home" value="/Users/javierjaramillo/.sdkman/candidates/java/21.0.6-amzn"/>
    <property name="file.separator" value="/"/>
    <property name="basedir" value="/Users/javierjaramillo/Desktop/vibe_coding/spring"/>
    <property name="java.vm.compressedOopsMode" value="Zero based"/>
    <property name="line.separator" value="&#10;"/>
    <property name="java.vm.specification.vendor" value="Oracle Corporation"/>
    <property name="java.specification.name" value="Java Platform API Specification"/>
    <property name="FILE_LOG_CHARSET" value="UTF-8"/>
    <property name="java.awt.headless" value="true"/>
    <property name="apple.awt.application.name" value="ForkedBooter"/>
    <property name="surefire.real.class.path" value="/Users/javierjaramillo/Desktop/vibe_coding/spring/target/surefire/surefirebooter-20250723210452959_3.jar"/>
    <property name="sun.management.compiler" value="HotSpot 64-Bit Tiered Compilers"/>
    <property name="ftp.nonProxyHosts" value="local|*.local|169.254/16|*.169.254/16"/>
    <property name="java.runtime.version" value="21.0.6+7-LTS"/>
    <property name="user.name" value="javierjaramillo"/>
    <property name="stdout.encoding" value="UTF-8"/>
    <property name="path.separator" value=":"/>
    <property name="os.version" value="15.5"/>
    <property name="java.runtime.name" value="OpenJDK Runtime Environment"/>
    <property name="file.encoding" value="UTF-8"/>
    <property name="java.vm.name" value="OpenJDK 64-Bit Server VM"/>
    <property name="java.vendor.version" value="Corretto-21.0.6.7.1"/>
    <property name="localRepository" value="/Users/javierjaramillo/.m2/repository"/>
    <property name="java.vendor.url.bug" value="https://github.com/corretto/corretto-21/issues/"/>
    <property name="java.io.tmpdir" value="/var/folders/_8/_wp11p5x3v7g66pgdryq7r3m0000gn/T/"/>
    <property name="java.version" value="21.0.6"/>
    <property name="user.dir" value="/Users/javierjaramillo/Desktop/vibe_coding/spring"/>
    <property name="os.arch" value="aarch64"/>
    <property name="java.vm.specification.name" value="Java Virtual Machine Specification"/>
    <property name="PID" value="95508"/>
    <property name="CONSOLE_LOG_CHARSET" value="UTF-8"/>
    <property name="native.encoding" value="UTF-8"/>
    <property name="java.library.path" value="/Users/javierjaramillo/Library/Java/Extensions:/Library/Java/Extensions:/Network/Library/Java/Extensions:/System/Library/Java/Extensions:/usr/lib/java:."/>
    <property name="java.vm.info" value="mixed mode, sharing"/>
    <property name="stderr.encoding" value="UTF-8"/>
    <property name="java.vendor" value="Amazon.com Inc."/>
    <property name="java.vm.version" value="21.0.6+7-LTS"/>
    <property name="sun.io.unicode.encoding" value="UnicodeBig"/>
    <property name="socksNonProxyHosts" value="local|*.local|169.254/16|*.169.254/16"/>
    <property name="java.class.version" value="65.0"/>
    <property name="LOGGED_APPLICATION_NAME" value="[spring-reactive-demo] "/>
  </properties>
  <testcase name="getUsersByDepartment_IntegrationTest" classname="com.interview.SpringReactiveDemoApplicationTests" time="0.066">
    <system-out><![CDATA[2025-07-23T21:04:54.769-05:00  INFO 95508 --- [spring-reactive-demo] [           main] t.c.s.AnnotationConfigContextLoaderUtils : Could not detect default configuration classes for test class [com.interview.SpringReactiveDemoApplicationTests]: SpringReactiveDemoApplicationTests does not declare any static, non-private, non-final, nested classes annotated with @Configuration.
2025-07-23T21:04:54.770-05:00  INFO 95508 --- [spring-reactive-demo] [           main] .b.t.c.SpringBootTestContextBootstrapper : Found @SpringBootConfiguration com.interview.SpringReactiveDemoApplication for test class com.interview.SpringReactiveDemoApplicationTests

  .   ____          _            __ _ _
 /\\ / ___'_ __ _ _(_)_ __  __ _ \ \ \ \
( ( )\___ | '_ | '_| | '_ \/ _` | \ \ \ \
 \\/  ___)| |_)| | | | | || (_| |  ) ) ) )
  '  |____| .__|_| |_|_| |_\__, | / / / /
 =========|_|==============|___/=/_/_/_/
 :: Spring Boot ::                (v3.2.0)

2025-07-23T21:04:54.782-05:00  INFO 95508 --- [spring-reactive-demo] [           main] c.i.SpringReactiveDemoApplicationTests   : Starting SpringReactiveDemoApplicationTests using Java 21.0.6 with PID 95508 (started by javierjaramillo in /Users/javierjaramillo/Desktop/vibe_coding/spring)
2025-07-23T21:04:54.782-05:00 DEBUG 95508 --- [spring-reactive-demo] [           main] c.i.SpringReactiveDemoApplicationTests   : Running with Spring Boot v3.2.0, Spring v6.1.1
2025-07-23T21:04:54.782-05:00  INFO 95508 --- [spring-reactive-demo] [           main] c.i.SpringReactiveDemoApplicationTests   : No active profile set, falling back to 1 default profile: "default"
2025-07-23T21:04:54.808-05:00  INFO 95508 --- [spring-reactive-demo] [           main] .s.d.r.c.RepositoryConfigurationDelegate : Bootstrapping Spring Data R2DBC repositories in DEFAULT mode.
2025-07-23T21:04:54.810-05:00  INFO 95508 --- [spring-reactive-demo] [           main] .s.d.r.c.RepositoryConfigurationDelegate : Finished Spring Data repository scanning in 1 ms. Found 1 R2DBC repository interface.
2025-07-23T21:04:54.897-05:00 DEBUG 95508 --- [spring-reactive-demo] [       single-1] io.r2dbc.h2.client.SessionClient         : Request:  CALL H2VERSION()
2025-07-23T21:04:54.897-05:00 DEBUG 95508 --- [spring-reactive-demo] [       single-1] io.r2dbc.h2.client.SessionClient         : Response: org.h2.result.LocalResult@499259b4 columns: 1 rows: 1 pos: -1
2025-07-23T21:04:54.897-05:00 DEBUG 95508 --- [spring-reactive-demo] [       single-1] io.r2dbc.h2.client.SessionClient         : Request:  SELECT CURRENT_TIMESTAMP
2025-07-23T21:04:54.897-05:00 DEBUG 95508 --- [spring-reactive-demo] [       single-1] io.r2dbc.h2.client.SessionClient         : Response: org.h2.result.LocalResult@275ad640 columns: 1 rows: 1 pos: -1
2025-07-23T21:04:54.897-05:00 DEBUG 95508 --- [spring-reactive-demo] [       single-1] o.s.r2dbc.connection.init.ScriptUtils    : Executing SQL script from class path resource [schema.sql]
2025-07-23T21:04:54.897-05:00 DEBUG 95508 --- [spring-reactive-demo] [       single-1] io.r2dbc.h2.client.SessionClient         : Request:  CALL H2VERSION()
2025-07-23T21:04:54.897-05:00 DEBUG 95508 --- [spring-reactive-demo] [       single-1] io.r2dbc.h2.client.SessionClient         : Response: org.h2.result.LocalResult@27eb9620 columns: 1 rows: 1 pos: -1
2025-07-23T21:04:54.897-05:00 DEBUG 95508 --- [spring-reactive-demo] [       single-1] io.r2dbc.h2.client.SessionClient         : Request:  CALL H2VERSION()
2025-07-23T21:04:54.897-05:00 DEBUG 95508 --- [spring-reactive-demo] [       single-1] io.r2dbc.h2.client.SessionClient         : Response: org.h2.result.LocalResult@7cef3490 columns: 1 rows: 1 pos: -1
2025-07-23T21:04:54.898-05:00 DEBUG 95508 --- [spring-reactive-demo] [       Thread-3] io.r2dbc.h2.client.SessionClient         : Request:  DROP TABLE IF EXISTS users
2025-07-23T21:04:54.898-05:00 DEBUG 95508 --- [spring-reactive-demo] [       single-1] io.r2dbc.h2.client.SessionClient         : Request:  CALL H2VERSION()
2025-07-23T21:04:54.898-05:00 DEBUG 95508 --- [spring-reactive-demo] [       single-1] io.r2dbc.h2.client.SessionClient         : Response: org.h2.result.LocalResult@69f7c67 columns: 1 rows: 1 pos: -1
2025-07-23T21:04:54.898-05:00 DEBUG 95508 --- [spring-reactive-demo] [       single-1] io.r2dbc.h2.client.SessionClient         : Request:  CALL H2VERSION()
2025-07-23T21:04:54.898-05:00 DEBUG 95508 --- [spring-reactive-demo] [       Thread-3] o.s.r2dbc.connection.init.ScriptUtils    : 0 returned as update count for SQL: DROP TABLE IF EXISTS users
2025-07-23T21:04:54.898-05:00 DEBUG 95508 --- [spring-reactive-demo] [       single-1] io.r2dbc.h2.client.SessionClient         : Response: org.h2.result.LocalResult@77064222 columns: 1 rows: 1 pos: -1
2025-07-23T21:04:54.898-05:00 DEBUG 95508 --- [spring-reactive-demo] [       single-1] io.r2dbc.h2.client.SessionClient         : Request:  CALL H2VERSION()
2025-07-23T21:04:54.898-05:00 DEBUG 95508 --- [spring-reactive-demo] [       single-1] io.r2dbc.h2.client.SessionClient         : Response: org.h2.result.LocalResult@c278074 columns: 1 rows: 1 pos: -1
2025-07-23T21:04:54.898-05:00 DEBUG 95508 --- [spring-reactive-demo] [       Thread-3] io.r2dbc.h2.client.SessionClient         : Request:  CREATE TABLE users ( id BIGINT AUTO_INCREMENT PRIMARY KEY, name VARCHAR(50) NOT NULL, email VARCHAR(100) NOT NULL UNIQUE, department VARCHAR(50) )
2025-07-23T21:04:54.898-05:00 DEBUG 95508 --- [spring-reactive-demo] [       single-1] io.r2dbc.h2.client.SessionClient         : Request:  CALL H2VERSION()
2025-07-23T21:04:54.898-05:00 DEBUG 95508 --- [spring-reactive-demo] [       single-1] io.r2dbc.h2.client.SessionClient         : Response: org.h2.result.LocalResult@9697ed4 columns: 1 rows: 1 pos: -1
2025-07-23T21:04:54.898-05:00 DEBUG 95508 --- [spring-reactive-demo] [       single-1] io.r2dbc.h2.client.SessionClient         : Request:  CALL H2VERSION()
2025-07-23T21:04:54.898-05:00 DEBUG 95508 --- [spring-reactive-demo] [       single-1] io.r2dbc.h2.client.SessionClient         : Response: org.h2.result.LocalResult@74e847da columns: 1 rows: 1 pos: -1
2025-07-23T21:04:54.899-05:00 DEBUG 95508 --- [spring-reactive-demo] [       single-1] io.r2dbc.h2.client.SessionClient         : Request:  CALL H2VERSION()
2025-07-23T21:04:54.899-05:00 DEBUG 95508 --- [spring-reactive-demo] [       single-1] io.r2dbc.h2.client.SessionClient         : Response: org.h2.result.LocalResult@31ba1c37 columns: 1 rows: 1 pos: -1
2025-07-23T21:04:54.899-05:00 DEBUG 95508 --- [spring-reactive-demo] [       Thread-3] o.s.r2dbc.connection.init.ScriptUtils    : 0 returned as update count for SQL: CREATE TABLE users ( id BIGINT AUTO_INCREMENT PRIMARY KEY, name VARCHAR(50) NOT NULL, email VARCHAR(100) NOT NULL UNIQUE, department VARCHAR(50) )
2025-07-23T21:04:54.903-05:00 DEBUG 95508 --- [spring-reactive-demo] [       Thread-3] o.s.r2dbc.connection.init.ScriptUtils    : Executed SQL script from class path resource [schema.sql] in 6 ms.
2025-07-23T21:04:54.903-05:00 DEBUG 95508 --- [spring-reactive-demo] [       single-1] io.r2dbc.h2.client.SessionClient         : Request:  CALL H2VERSION()
2025-07-23T21:04:54.903-05:00 DEBUG 95508 --- [spring-reactive-demo] [       Thread-3] io.r2dbc.h2.client.SessionClient         : Request:  SELECT CURRENT_TIMESTAMP
2025-07-23T21:04:54.903-05:00 DEBUG 95508 --- [spring-reactive-demo] [       single-1] io.r2dbc.h2.client.SessionClient         : Response: org.h2.result.LocalResult@1ae0e54 columns: 1 rows: 1 pos: -1
2025-07-23T21:04:54.903-05:00 DEBUG 95508 --- [spring-reactive-demo] [       Thread-3] io.r2dbc.h2.client.SessionClient         : Response: org.h2.result.LocalResult@3be70a2c columns: 1 rows: 1 pos: -1
2025-07-23T21:04:54.904-05:00 DEBUG 95508 --- [spring-reactive-demo] [           main] io.r2dbc.h2.client.SessionClient         : Request:  SELECT CURRENT_TIMESTAMP
2025-07-23T21:04:54.904-05:00 DEBUG 95508 --- [spring-reactive-demo] [           main] io.r2dbc.h2.client.SessionClient         : Response: org.h2.result.LocalResult@55589ef5 columns: 1 rows: 1 pos: -1
2025-07-23T21:04:54.904-05:00 DEBUG 95508 --- [spring-reactive-demo] [           main] o.s.r2dbc.connection.init.ScriptUtils    : Executing SQL script from class path resource [data.sql]
2025-07-23T21:04:54.905-05:00 DEBUG 95508 --- [spring-reactive-demo] [       Thread-2] io.r2dbc.h2.client.SessionClient         : Request:  INSERT INTO users (name, email, department) VALUES ('John Doe', 'john.doe@company.com', 'Engineering'), ('Jane Smith', 'jane.smith@company.com', 'Marketing'), ('Bob Johnson', 'bob.johnson@company.com', 'Engineering'), ('Alice Brown', 'alice.brown@company.com', 'HR'), ('Charlie Wilson', 'charlie.wilson@company.com', 'Sales')
2025-07-23T21:04:54.905-05:00 DEBUG 95508 --- [spring-reactive-demo] [       Thread-2] o.s.r2dbc.connection.init.ScriptUtils    : 5 returned as update count for SQL: INSERT INTO users (name, email, department) VALUES ('John Doe', 'john.doe@company.com', 'Engineering'), ('Jane Smith', 'jane.smith@company.com', 'Marketing'), ('Bob Johnson', 'bob.johnson@company.com', 'Engineering'), ('Alice Brown', 'alice.brown@company.com', 'HR'), ('Charlie Wilson', 'charlie.wilson@company.com', 'Sales')
2025-07-23T21:04:54.905-05:00 DEBUG 95508 --- [spring-reactive-demo] [       Thread-2] o.s.r2dbc.connection.init.ScriptUtils    : Executed SQL script from class path resource [data.sql] in 1 ms.
2025-07-23T21:04:54.906-05:00 DEBUG 95508 --- [spring-reactive-demo] [       Thread-2] io.r2dbc.h2.client.SessionClient         : Request:  SELECT CURRENT_TIMESTAMP
2025-07-23T21:04:54.906-05:00 DEBUG 95508 --- [spring-reactive-demo] [       Thread-2] io.r2dbc.h2.client.SessionClient         : Response: org.h2.result.LocalResult@1de72af4 columns: 1 rows: 1 pos: -1
2025-07-23T21:04:54.960-05:00  INFO 95508 --- [spring-reactive-demo] [           main] o.s.b.web.embedded.netty.NettyWebServer  : Netty started on port 63429
2025-07-23T21:04:54.961-05:00  INFO 95508 --- [spring-reactive-demo] [           main] c.i.SpringReactiveDemoApplicationTests   : Started SpringReactiveDemoApplicationTests in 0.189 seconds (process running for 1.974)
2025-07-23T21:04:54.990-05:00 ERROR 95508 --- [spring-reactive-demo] [           main] i.n.r.d.DnsServerAddressStreamProviders  : Unable to load io.netty.resolver.dns.macos.MacOSDnsServerAddressStreamProvider, fallback to system defaults. This may result in incorrect DNS resolutions on MacOS. Check whether you have a dependency on 'io.netty:netty-resolver-dns-native-macos'. Use DEBUG level to see the full stack: java.lang.UnsatisfiedLinkError: failed to load the required native library
2025-07-23T21:04:55.030-05:00 DEBUG 95508 --- [spring-reactive-demo] [ctor-http-nio-4] io.r2dbc.h2.client.SessionClient         : Request:  SELECT CURRENT_TIMESTAMP
2025-07-23T21:04:55.030-05:00 DEBUG 95508 --- [spring-reactive-demo] [ctor-http-nio-4] io.r2dbc.h2.client.SessionClient         : Response: org.h2.result.LocalResult@5c19f174 columns: 1 rows: 1 pos: -1
2025-07-23T21:04:55.030-05:00 DEBUG 95508 --- [spring-reactive-demo] [ctor-http-nio-4] o.s.r2dbc.core.DefaultDatabaseClient     : Executing SQL statement [SELECT users.ID, users.NAME, users.EMAIL, users.DEPARTMENT FROM users WHERE users.DEPARTMENT = $1]
2025-07-23T21:04:55.030-05:00 DEBUG 95508 --- [spring-reactive-demo] [ctor-http-nio-4] io.r2dbc.h2.client.SessionClient         : Request:  SELECT users.ID, users.NAME, users.EMAIL, users.DEPARTMENT FROM users WHERE users.DEPARTMENT = $1 {1: 'Engineering'}
2025-07-23T21:04:55.030-05:00 DEBUG 95508 --- [spring-reactive-demo] [ctor-http-nio-4] io.r2dbc.h2.client.SessionClient         : Response: org.h2.result.LocalResult@301b892d columns: 4 rows: 2 pos: -1
2025-07-23T21:04:55.035-05:00 DEBUG 95508 --- [spring-reactive-demo] [ctor-http-nio-4] io.r2dbc.h2.client.SessionClient         : Request:  SELECT CURRENT_TIMESTAMP
2025-07-23T21:04:55.035-05:00 DEBUG 95508 --- [spring-reactive-demo] [ctor-http-nio-4] io.r2dbc.h2.client.SessionClient         : Response: org.h2.result.LocalResult@51025f19 columns: 1 rows: 1 pos: -1
]]></system-out>
  </testcase>
  <testcase name="invalidUserCreation_ShouldReturn400" classname="com.interview.SpringReactiveDemoApplicationTests" time="0.007"/>
  <testcase name="getAllUsers_IntegrationTest" classname="com.interview.SpringReactiveDemoApplicationTests" time="0.532">
    <system-out><![CDATA[2025-07-23T21:04:55.047-05:00 DEBUG 95508 --- [spring-reactive-demo] [ctor-http-nio-4] io.r2dbc.h2.client.SessionClient         : Request:  SELECT CURRENT_TIMESTAMP
2025-07-23T21:04:55.047-05:00 DEBUG 95508 --- [spring-reactive-demo] [ctor-http-nio-4] io.r2dbc.h2.client.SessionClient         : Response: org.h2.result.LocalResult@5210b07b columns: 1 rows: 1 pos: -1
2025-07-23T21:04:55.047-05:00 DEBUG 95508 --- [spring-reactive-demo] [ctor-http-nio-4] o.s.r2dbc.core.DefaultDatabaseClient     : Executing SQL statement [SELECT users.* FROM users]
2025-07-23T21:04:55.047-05:00 DEBUG 95508 --- [spring-reactive-demo] [ctor-http-nio-4] io.r2dbc.h2.client.SessionClient         : Request:  SELECT users.* FROM users
2025-07-23T21:04:55.047-05:00 DEBUG 95508 --- [spring-reactive-demo] [ctor-http-nio-4] io.r2dbc.h2.client.SessionClient         : Response: org.h2.result.LocalResult@21e70b30 columns: 4 rows: 5 pos: -1
2025-07-23T21:04:55.368-05:00 DEBUG 95508 --- [spring-reactive-demo] [     parallel-7] io.r2dbc.h2.client.SessionClient         : Request:  SELECT CURRENT_TIMESTAMP
2025-07-23T21:04:55.369-05:00 DEBUG 95508 --- [spring-reactive-demo] [     parallel-7] io.r2dbc.h2.client.SessionClient         : Response: org.h2.result.LocalResult@143ade9d columns: 1 rows: 1 pos: -1
]]></system-out>
  </testcase>
  <testcase name="updateUser_IntegrationTest" classname="com.interview.SpringReactiveDemoApplicationTests" time="0.008">
    <system-out><![CDATA[2025-07-23T21:04:55.580-05:00 DEBUG 95508 --- [spring-reactive-demo] [ctor-http-nio-4] io.r2dbc.h2.client.SessionClient         : Request:  SELECT CURRENT_TIMESTAMP
2025-07-23T21:04:55.580-05:00 DEBUG 95508 --- [spring-reactive-demo] [ctor-http-nio-4] io.r2dbc.h2.client.SessionClient         : Response: org.h2.result.LocalResult@1a9a1e53 columns: 1 rows: 1 pos: -1
2025-07-23T21:04:55.580-05:00 DEBUG 95508 --- [spring-reactive-demo] [ctor-http-nio-4] o.s.r2dbc.core.DefaultDatabaseClient     : Executing SQL statement [SELECT users.* FROM users WHERE users.ID = $1 LIMIT 2]
2025-07-23T21:04:55.580-05:00 DEBUG 95508 --- [spring-reactive-demo] [ctor-http-nio-4] io.r2dbc.h2.client.SessionClient         : Request:  SELECT users.* FROM users WHERE users.ID = $1 LIMIT 2 {1: CAST(1 AS BIGINT)}
2025-07-23T21:04:55.580-05:00 DEBUG 95508 --- [spring-reactive-demo] [ctor-http-nio-4] io.r2dbc.h2.client.SessionClient         : Response: org.h2.result.LocalResult@351b7c5 columns: 4 rows: 1 pos: -1
2025-07-23T21:04:55.581-05:00 DEBUG 95508 --- [spring-reactive-demo] [ctor-http-nio-4] io.r2dbc.h2.client.SessionClient         : Request:  SELECT CURRENT_TIMESTAMP
2025-07-23T21:04:55.581-05:00 DEBUG 95508 --- [spring-reactive-demo] [ctor-http-nio-4] io.r2dbc.h2.client.SessionClient         : Response: org.h2.result.LocalResult@6f7124cb columns: 1 rows: 1 pos: -1
2025-07-23T21:04:55.582-05:00 DEBUG 95508 --- [spring-reactive-demo] [ctor-http-nio-4] io.r2dbc.h2.client.SessionClient         : Request:  SELECT CURRENT_TIMESTAMP
2025-07-23T21:04:55.582-05:00 DEBUG 95508 --- [spring-reactive-demo] [ctor-http-nio-4] io.r2dbc.h2.client.SessionClient         : Response: org.h2.result.LocalResult@70437e55 columns: 1 rows: 1 pos: -1
2025-07-23T21:04:55.583-05:00 DEBUG 95508 --- [spring-reactive-demo] [ctor-http-nio-4] o.s.r2dbc.core.DefaultDatabaseClient     : Executing SQL statement [UPDATE users SET NAME = $1, EMAIL = $2, DEPARTMENT = $3 WHERE users.ID = $4]
2025-07-23T21:04:55.583-05:00 DEBUG 95508 --- [spring-reactive-demo] [ctor-http-nio-4] io.r2dbc.h2.client.SessionClient         : Request:  UPDATE users SET NAME = $1, EMAIL = $2, DEPARTMENT = $3 WHERE users.ID = $4 {1: 'John Updated', 2: 'john.updated@company.com', 3: 'Marketing', 4: CAST(1 AS BIGINT)}
2025-07-23T21:04:55.584-05:00 DEBUG 95508 --- [spring-reactive-demo] [ctor-http-nio-4] io.r2dbc.h2.client.SessionClient         : Request:  SELECT CURRENT_TIMESTAMP
2025-07-23T21:04:55.584-05:00 DEBUG 95508 --- [spring-reactive-demo] [ctor-http-nio-4] io.r2dbc.h2.client.SessionClient         : Response: org.h2.result.LocalResult@4f427c51 columns: 1 rows: 1 pos: -1
]]></system-out>
  </testcase>
  <testcase name="getUserEmails_IntegrationTest" classname="com.interview.SpringReactiveDemoApplicationTests" time="0.004">
    <system-out><![CDATA[2025-07-23T21:04:55.588-05:00 DEBUG 95508 --- [spring-reactive-demo] [ctor-http-nio-4] io.r2dbc.h2.client.SessionClient         : Request:  SELECT CURRENT_TIMESTAMP
2025-07-23T21:04:55.588-05:00 DEBUG 95508 --- [spring-reactive-demo] [ctor-http-nio-4] io.r2dbc.h2.client.SessionClient         : Response: org.h2.result.LocalResult@2eb9d67d columns: 1 rows: 1 pos: -1
2025-07-23T21:04:55.588-05:00 DEBUG 95508 --- [spring-reactive-demo] [ctor-http-nio-4] o.s.r2dbc.core.DefaultDatabaseClient     : Executing SQL statement [SELECT users.ID, users.NAME, users.EMAIL, users.DEPARTMENT FROM users WHERE users.DEPARTMENT = $1]
2025-07-23T21:04:55.588-05:00 DEBUG 95508 --- [spring-reactive-demo] [ctor-http-nio-4] io.r2dbc.h2.client.SessionClient         : Request:  SELECT users.ID, users.NAME, users.EMAIL, users.DEPARTMENT FROM users WHERE users.DEPARTMENT = $1 {1: 'Engineering'}
2025-07-23T21:04:55.588-05:00 DEBUG 95508 --- [spring-reactive-demo] [ctor-http-nio-4] io.r2dbc.h2.client.SessionClient         : Response: org.h2.result.LocalResult@79fcef4a columns: 4 rows: 1 pos: -1
2025-07-23T21:04:55.589-05:00 DEBUG 95508 --- [spring-reactive-demo] [ctor-http-nio-4] io.r2dbc.h2.client.SessionClient         : Request:  SELECT CURRENT_TIMESTAMP
2025-07-23T21:04:55.589-05:00 DEBUG 95508 --- [spring-reactive-demo] [ctor-http-nio-4] io.r2dbc.h2.client.SessionClient         : Response: org.h2.result.LocalResult@70bcc30a columns: 1 rows: 1 pos: -1
]]></system-out>
  </testcase>
  <testcase name="deleteUser_IntegrationTest" classname="com.interview.SpringReactiveDemoApplicationTests" time="0.01">
    <system-out><![CDATA[2025-07-23T21:04:55.593-05:00 DEBUG 95508 --- [spring-reactive-demo] [ctor-http-nio-4] io.r2dbc.h2.client.SessionClient         : Request:  SELECT CURRENT_TIMESTAMP
2025-07-23T21:04:55.593-05:00 DEBUG 95508 --- [spring-reactive-demo] [ctor-http-nio-4] io.r2dbc.h2.client.SessionClient         : Response: org.h2.result.LocalResult@725cb6e0 columns: 1 rows: 1 pos: -1
2025-07-23T21:04:55.593-05:00 DEBUG 95508 --- [spring-reactive-demo] [ctor-http-nio-4] o.s.r2dbc.core.DefaultDatabaseClient     : Executing SQL statement [INSERT INTO users (NAME, EMAIL, DEPARTMENT) VALUES ($1, $2, $3)]
2025-07-23T21:04:55.593-05:00 DEBUG 95508 --- [spring-reactive-demo] [ctor-http-nio-4] io.r2dbc.h2.client.SessionClient         : Request:  INSERT INTO users (NAME, EMAIL, DEPARTMENT) VALUES ($1, $2, $3) {1: 'Delete Me', 2: 'delete@example.com', 3: 'Temp'}
2025-07-23T21:04:55.594-05:00 DEBUG 95508 --- [spring-reactive-demo] [ctor-http-nio-4] io.r2dbc.h2.client.SessionClient         : Request:  SELECT CURRENT_TIMESTAMP
2025-07-23T21:04:55.594-05:00 DEBUG 95508 --- [spring-reactive-demo] [ctor-http-nio-4] io.r2dbc.h2.client.SessionClient         : Response: org.h2.result.LocalResult@9528b31 columns: 1 rows: 1 pos: -1
Sending welcome notification to: delete@example.com
2025-07-23T21:04:55.596-05:00 DEBUG 95508 --- [spring-reactive-demo] [ctor-http-nio-4] io.r2dbc.h2.client.SessionClient         : Request:  SELECT CURRENT_TIMESTAMP
2025-07-23T21:04:55.596-05:00 DEBUG 95508 --- [spring-reactive-demo] [ctor-http-nio-4] io.r2dbc.h2.client.SessionClient         : Response: org.h2.result.LocalResult@74b9aaa4 columns: 1 rows: 1 pos: -1
2025-07-23T21:04:55.597-05:00 DEBUG 95508 --- [spring-reactive-demo] [ctor-http-nio-4] o.s.r2dbc.core.DefaultDatabaseClient     : Executing SQL statement [DELETE FROM users WHERE users.ID = $1]
2025-07-23T21:04:55.597-05:00 DEBUG 95508 --- [spring-reactive-demo] [ctor-http-nio-4] io.r2dbc.h2.client.SessionClient         : Request:  DELETE FROM users WHERE users.ID = $1 {1: CAST(6 AS BIGINT)}
2025-07-23T21:04:55.597-05:00 DEBUG 95508 --- [spring-reactive-demo] [ctor-http-nio-4] io.r2dbc.h2.client.SessionClient         : Request:  SELECT CURRENT_TIMESTAMP
2025-07-23T21:04:55.597-05:00 DEBUG 95508 --- [spring-reactive-demo] [ctor-http-nio-4] io.r2dbc.h2.client.SessionClient         : Response: org.h2.result.LocalResult@3ef221a8 columns: 1 rows: 1 pos: -1
2025-07-23T21:04:55.598-05:00 DEBUG 95508 --- [spring-reactive-demo] [ctor-http-nio-4] io.r2dbc.h2.client.SessionClient         : Request:  SELECT CURRENT_TIMESTAMP
2025-07-23T21:04:55.599-05:00 DEBUG 95508 --- [spring-reactive-demo] [ctor-http-nio-4] io.r2dbc.h2.client.SessionClient         : Response: org.h2.result.LocalResult@2543701e columns: 1 rows: 1 pos: -1
2025-07-23T21:04:55.599-05:00 DEBUG 95508 --- [spring-reactive-demo] [ctor-http-nio-4] o.s.r2dbc.core.DefaultDatabaseClient     : Executing SQL statement [SELECT users.* FROM users WHERE users.ID = $1 LIMIT 2]
2025-07-23T21:04:55.599-05:00 DEBUG 95508 --- [spring-reactive-demo] [ctor-http-nio-4] io.r2dbc.h2.client.SessionClient         : Request:  SELECT users.* FROM users WHERE users.ID = $1 LIMIT 2 {1: CAST(6 AS BIGINT)}
2025-07-23T21:04:55.599-05:00 DEBUG 95508 --- [spring-reactive-demo] [ctor-http-nio-4] io.r2dbc.h2.client.SessionClient         : Response: org.h2.result.LocalResult@2cdad012 columns: 4 rows: 0 pos: -1
2025-07-23T21:04:55.599-05:00 DEBUG 95508 --- [spring-reactive-demo] [ctor-http-nio-4] io.r2dbc.h2.client.SessionClient         : Request:  SELECT CURRENT_TIMESTAMP
2025-07-23T21:04:55.599-05:00 DEBUG 95508 --- [spring-reactive-demo] [ctor-http-nio-4] io.r2dbc.h2.client.SessionClient         : Response: org.h2.result.LocalResult@22438017 columns: 1 rows: 1 pos: -1
]]></system-out>
  </testcase>
  <testcase name="functionalEndpoints_IntegrationTest" classname="com.interview.SpringReactiveDemoApplicationTests" time="0.539">
    <system-out><![CDATA[2025-07-23T21:04:55.602-05:00 DEBUG 95508 --- [spring-reactive-demo] [ctor-http-nio-4] io.r2dbc.h2.client.SessionClient         : Request:  SELECT CURRENT_TIMESTAMP
2025-07-23T21:04:55.602-05:00 DEBUG 95508 --- [spring-reactive-demo] [ctor-http-nio-4] io.r2dbc.h2.client.SessionClient         : Response: org.h2.result.LocalResult@65eaa230 columns: 1 rows: 1 pos: -1
2025-07-23T21:04:55.602-05:00 DEBUG 95508 --- [spring-reactive-demo] [ctor-http-nio-4] o.s.r2dbc.core.DefaultDatabaseClient     : Executing SQL statement [SELECT users.* FROM users]
2025-07-23T21:04:55.602-05:00 DEBUG 95508 --- [spring-reactive-demo] [ctor-http-nio-4] io.r2dbc.h2.client.SessionClient         : Request:  SELECT users.* FROM users
2025-07-23T21:04:55.602-05:00 DEBUG 95508 --- [spring-reactive-demo] [ctor-http-nio-4] io.r2dbc.h2.client.SessionClient         : Response: org.h2.result.LocalResult@3e14c178 columns: 4 rows: 5 pos: -1
2025-07-23T21:04:55.922-05:00 DEBUG 95508 --- [spring-reactive-demo] [     parallel-3] io.r2dbc.h2.client.SessionClient         : Request:  SELECT CURRENT_TIMESTAMP
2025-07-23T21:04:55.923-05:00 DEBUG 95508 --- [spring-reactive-demo] [     parallel-3] io.r2dbc.h2.client.SessionClient         : Response: org.h2.result.LocalResult@2ccb8493 columns: 1 rows: 1 pos: -1
Notification completed: Notification sent to delete@example.com
]]></system-out>
  </testcase>
  <testcase name="searchUsers_IntegrationTest" classname="com.interview.SpringReactiveDemoApplicationTests" time="0.012">
    <system-out><![CDATA[2025-07-23T21:04:56.148-05:00 DEBUG 95508 --- [spring-reactive-demo] [ctor-http-nio-4] io.r2dbc.h2.client.SessionClient         : Request:  SELECT CURRENT_TIMESTAMP
2025-07-23T21:04:56.148-05:00 DEBUG 95508 --- [spring-reactive-demo] [ctor-http-nio-4] io.r2dbc.h2.client.SessionClient         : Response: org.h2.result.LocalResult@729de73c columns: 1 rows: 1 pos: -1
2025-07-23T21:04:56.148-05:00 DEBUG 95508 --- [spring-reactive-demo] [ctor-http-nio-4] o.s.r2dbc.core.DefaultDatabaseClient     : Executing SQL statement [SELECT * FROM users WHERE name LIKE $1]
2025-07-23T21:04:56.148-05:00 DEBUG 95508 --- [spring-reactive-demo] [ctor-http-nio-4] io.r2dbc.h2.client.SessionClient         : Request:  SELECT * FROM users WHERE name LIKE $1 {1: '%John%'}
2025-07-23T21:04:56.149-05:00 DEBUG 95508 --- [spring-reactive-demo] [ctor-http-nio-4] io.r2dbc.h2.client.SessionClient         : Response: org.h2.result.LocalResult@6a9af716 columns: 4 rows: 2 pos: -1
2025-07-23T21:04:56.150-05:00 DEBUG 95508 --- [spring-reactive-demo] [ctor-http-nio-4] io.r2dbc.h2.client.SessionClient         : Request:  SELECT CURRENT_TIMESTAMP
2025-07-23T21:04:56.150-05:00 DEBUG 95508 --- [spring-reactive-demo] [ctor-http-nio-4] io.r2dbc.h2.client.SessionClient         : Response: org.h2.result.LocalResult@60d80d13 columns: 1 rows: 1 pos: -1
]]></system-out>
  </testcase>
  <testcase name="getUserCount_IntegrationTest" classname="com.interview.SpringReactiveDemoApplicationTests" time="0.005">
    <system-out><![CDATA[2025-07-23T21:04:56.156-05:00 DEBUG 95508 --- [spring-reactive-demo] [ctor-http-nio-4] io.r2dbc.h2.client.SessionClient         : Request:  SELECT CURRENT_TIMESTAMP
2025-07-23T21:04:56.156-05:00 DEBUG 95508 --- [spring-reactive-demo] [ctor-http-nio-4] io.r2dbc.h2.client.SessionClient         : Response: org.h2.result.LocalResult@407ed8de columns: 1 rows: 1 pos: -1
2025-07-23T21:04:56.156-05:00 DEBUG 95508 --- [spring-reactive-demo] [ctor-http-nio-4] o.s.r2dbc.core.DefaultDatabaseClient     : Executing SQL statement [SELECT COUNT(*) FROM users WHERE department = $1]
2025-07-23T21:04:56.156-05:00 DEBUG 95508 --- [spring-reactive-demo] [ctor-http-nio-4] io.r2dbc.h2.client.SessionClient         : Request:  SELECT COUNT(*) FROM users WHERE department = $1 {1: 'Engineering'}
2025-07-23T21:04:56.156-05:00 DEBUG 95508 --- [spring-reactive-demo] [ctor-http-nio-4] io.r2dbc.h2.client.SessionClient         : Response: org.h2.result.LocalResult@74a4a978 columns: 1 rows: 1 pos: -1
2025-07-23T21:04:56.156-05:00 DEBUG 95508 --- [spring-reactive-demo] [ctor-http-nio-4] io.r2dbc.h2.client.SessionClient         : Request:  SELECT CURRENT_TIMESTAMP
2025-07-23T21:04:56.156-05:00 DEBUG 95508 --- [spring-reactive-demo] [ctor-http-nio-4] io.r2dbc.h2.client.SessionClient         : Response: org.h2.result.LocalResult@408be6d0 columns: 1 rows: 1 pos: -1
]]></system-out>
  </testcase>
  <testcase name="contextLoads" classname="com.interview.SpringReactiveDemoApplicationTests" time="0.001"/>
  <testcase name="createAndRetrieveUser_IntegrationTest" classname="com.interview.SpringReactiveDemoApplicationTests" time="0.005">
    <system-out><![CDATA[2025-07-23T21:04:56.162-05:00 DEBUG 95508 --- [spring-reactive-demo] [ctor-http-nio-4] io.r2dbc.h2.client.SessionClient         : Request:  SELECT CURRENT_TIMESTAMP
2025-07-23T21:04:56.162-05:00 DEBUG 95508 --- [spring-reactive-demo] [ctor-http-nio-4] io.r2dbc.h2.client.SessionClient         : Response: org.h2.result.LocalResult@4515a97f columns: 1 rows: 1 pos: -1
2025-07-23T21:04:56.163-05:00 DEBUG 95508 --- [spring-reactive-demo] [ctor-http-nio-4] o.s.r2dbc.core.DefaultDatabaseClient     : Executing SQL statement [INSERT INTO users (NAME, EMAIL, DEPARTMENT) VALUES ($1, $2, $3)]
2025-07-23T21:04:56.163-05:00 DEBUG 95508 --- [spring-reactive-demo] [ctor-http-nio-4] io.r2dbc.h2.client.SessionClient         : Request:  INSERT INTO users (NAME, EMAIL, DEPARTMENT) VALUES ($1, $2, $3) {1: 'Integration Test User', 2: 'integration@test.com', 3: 'QA'}
2025-07-23T21:04:56.163-05:00 DEBUG 95508 --- [spring-reactive-demo] [ctor-http-nio-4] io.r2dbc.h2.client.SessionClient         : Request:  SELECT CURRENT_TIMESTAMP
2025-07-23T21:04:56.163-05:00 DEBUG 95508 --- [spring-reactive-demo] [ctor-http-nio-4] io.r2dbc.h2.client.SessionClient         : Response: org.h2.result.LocalResult@59959d3e columns: 1 rows: 1 pos: -1
Sending welcome notification to: integration@test.com
]]></system-out>
  </testcase>
</testsuite>